{"__type":"$$EventMessageAudit","id":"f51d4973-5412-4a10-9d5c-f7d486b8e16e","ts":"2025-06-29T09:34:02.363-04:00","eventName":"n8n.audit.workflow.updated","message":"n8n.audit.workflow.updated","payload":{"userId":"3336cafa-7ce6-4327-bfad-b7bf92e2d2fe","_email":"mohamedgasmi1998@gmail.com","_firstName":"mohamed","_lastName":"guesmi","globalRole":"global:owner","workflowId":"MvPbsEdnGgAp1YYq","workflowName":"Gestion Candidature"}}
{"__type":"$$EventMessageConfirm","confirm":"f51d4973-5412-4a10-9d5c-f7d486b8e16e","ts":"2025-06-29T09:34:02.364-04:00","source":{"id":"0","name":"eventBus"}}
{"__type":"$$EventMessageWorkflow","id":"f239ceac-c137-4529-93da-f17387ec2a21","ts":"2025-06-29T09:35:08.917-04:00","eventName":"n8n.workflow.started","message":"n8n.workflow.started","payload":{"executionId":"54","workflowId":"MvPbsEdnGgAp1YYq","isManual":false,"workflowName":"Gestion Candidature"}}
{"__type":"$$EventMessageConfirm","confirm":"f239ceac-c137-4529-93da-f17387ec2a21","ts":"2025-06-29T09:35:08.917-04:00","source":{"id":"0","name":"eventBus"}}
{"__type":"$$EventMessageNode","id":"18147f35-dc0a-40ca-b984-8c147abe5729","ts":"2025-06-29T09:35:08.917-04:00","eventName":"n8n.node.started","message":"n8n.node.started","payload":{"workflowId":"MvPbsEdnGgAp1YYq","workflowName":"Gestion Candidature","executionId":"54","nodeType":"n8n-nodes-base.webhook","nodeName":"Webhook","nodeId":"27938a5f-d518-4437-bfae-c4a445b70ab1"}}
{"__type":"$$EventMessageConfirm","confirm":"18147f35-dc0a-40ca-b984-8c147abe5729","ts":"2025-06-29T09:35:08.918-04:00","source":{"id":"0","name":"eventBus"}}
{"__type":"$$EventMessageNode","id":"2118b10c-e96b-4f77-8403-d0d0a4aa62b7","ts":"2025-06-29T09:35:08.921-04:00","eventName":"n8n.node.finished","message":"n8n.node.finished","payload":{"workflowId":"MvPbsEdnGgAp1YYq","workflowName":"Gestion Candidature","executionId":"54","nodeType":"n8n-nodes-base.webhook","nodeName":"Webhook","nodeId":"27938a5f-d518-4437-bfae-c4a445b70ab1"}}
{"__type":"$$EventMessageConfirm","confirm":"2118b10c-e96b-4f77-8403-d0d0a4aa62b7","ts":"2025-06-29T09:35:08.922-04:00","source":{"id":"0","name":"eventBus"}}
{"__type":"$$EventMessageNode","id":"7d36b9ea-d2ab-4f17-ad9b-7a70e175e7f6","ts":"2025-06-29T09:35:08.922-04:00","eventName":"n8n.node.started","message":"n8n.node.started","payload":{"workflowId":"MvPbsEdnGgAp1YYq","workflowName":"Gestion Candidature","executionId":"54","nodeType":"n8n-nodes-base.set","nodeName":"Edit Fields","nodeId":"ee3045d4-63ec-448f-a356-859420c92482"}}
{"__type":"$$EventMessageConfirm","confirm":"7d36b9ea-d2ab-4f17-ad9b-7a70e175e7f6","ts":"2025-06-29T09:35:08.923-04:00","source":{"id":"0","name":"eventBus"}}
{"__type":"$$EventMessageNode","id":"cc333527-7ae7-4adb-8e83-304d224d2580","ts":"2025-06-29T09:35:08.952-04:00","eventName":"n8n.node.finished","message":"n8n.node.finished","payload":{"workflowId":"MvPbsEdnGgAp1YYq","workflowName":"Gestion Candidature","executionId":"54","nodeType":"n8n-nodes-base.set","nodeName":"Edit Fields","nodeId":"ee3045d4-63ec-448f-a356-859420c92482"}}
{"__type":"$$EventMessageConfirm","confirm":"cc333527-7ae7-4adb-8e83-304d224d2580","ts":"2025-06-29T09:35:08.952-04:00","source":{"id":"0","name":"eventBus"}}
{"__type":"$$EventMessageNode","id":"9b18adde-5845-46a1-9644-c27a9e6ed332","ts":"2025-06-29T09:35:08.953-04:00","eventName":"n8n.node.started","message":"n8n.node.started","payload":{"workflowId":"MvPbsEdnGgAp1YYq","workflowName":"Gestion Candidature","executionId":"54","nodeType":"n8n-nodes-base.emailSend","nodeName":"Send email","nodeId":"8b0f414d-8838-47cf-be05-a33977077fa0"}}
{"__type":"$$EventMessageConfirm","confirm":"9b18adde-5845-46a1-9644-c27a9e6ed332","ts":"2025-06-29T09:35:08.953-04:00","source":{"id":"0","name":"eventBus"}}
{"__type":"$$EventMessageNode","id":"725e8d6a-5287-49d0-b063-13e0664001da","ts":"2025-06-29T09:35:10.453-04:00","eventName":"n8n.node.finished","message":"n8n.node.finished","payload":{"workflowId":"MvPbsEdnGgAp1YYq","workflowName":"Gestion Candidature","executionId":"54","nodeType":"n8n-nodes-base.emailSend","nodeName":"Send email","nodeId":"8b0f414d-8838-47cf-be05-a33977077fa0"}}
{"__type":"$$EventMessageConfirm","confirm":"725e8d6a-5287-49d0-b063-13e0664001da","ts":"2025-06-29T09:35:10.453-04:00","source":{"id":"0","name":"eventBus"}}
{"__type":"$$EventMessageWorkflow","id":"78c745de-60c9-4bef-aa15-7d666d563bd8","ts":"2025-06-29T09:35:10.455-04:00","eventName":"n8n.workflow.success","message":"n8n.workflow.success","payload":{"executionId":"54","success":true,"isManual":false,"workflowId":"MvPbsEdnGgAp1YYq","workflowName":"Gestion Candidature"}}
{"__type":"$$EventMessageConfirm","confirm":"78c745de-60c9-4bef-aa15-7d666d563bd8","ts":"2025-06-29T09:35:10.455-04:00","source":{"id":"0","name":"eventBus"}}
{"__type":"$$EventMessageWorkflow","id":"c8ba8028-3011-444a-8673-db15b950650b","ts":"2025-06-29T09:45:31.212-04:00","eventName":"n8n.workflow.started","message":"n8n.workflow.started","payload":{"executionId":"55","workflowId":"MvPbsEdnGgAp1YYq","isManual":false,"workflowName":"Gestion Candidature"}}
{"__type":"$$EventMessageConfirm","confirm":"c8ba8028-3011-444a-8673-db15b950650b","ts":"2025-06-29T09:45:31.212-04:00","source":{"id":"0","name":"eventBus"}}
{"__type":"$$EventMessageNode","id":"7e33974c-1310-4eb2-98eb-e2b7e63c9455","ts":"2025-06-29T09:45:31.212-04:00","eventName":"n8n.node.started","message":"n8n.node.started","payload":{"workflowId":"MvPbsEdnGgAp1YYq","workflowName":"Gestion Candidature","executionId":"55","nodeType":"n8n-nodes-base.webhook","nodeName":"Webhook","nodeId":"27938a5f-d518-4437-bfae-c4a445b70ab1"}}
{"__type":"$$EventMessageConfirm","confirm":"7e33974c-1310-4eb2-98eb-e2b7e63c9455","ts":"2025-06-29T09:45:31.212-04:00","source":{"id":"0","name":"eventBus"}}
{"__type":"$$EventMessageNode","id":"a432d1ae-bfe3-4159-b356-2bdd6cad227e","ts":"2025-06-29T09:45:31.212-04:00","eventName":"n8n.node.finished","message":"n8n.node.finished","payload":{"workflowId":"MvPbsEdnGgAp1YYq","workflowName":"Gestion Candidature","executionId":"55","nodeType":"n8n-nodes-base.webhook","nodeName":"Webhook","nodeId":"27938a5f-d518-4437-bfae-c4a445b70ab1"}}
{"__type":"$$EventMessageConfirm","confirm":"a432d1ae-bfe3-4159-b356-2bdd6cad227e","ts":"2025-06-29T09:45:31.212-04:00","source":{"id":"0","name":"eventBus"}}
{"__type":"$$EventMessageNode","id":"45e09bec-7fb3-4bf5-9ceb-460a3daadd5f","ts":"2025-06-29T09:45:31.213-04:00","eventName":"n8n.node.started","message":"n8n.node.started","payload":{"workflowId":"MvPbsEdnGgAp1YYq","workflowName":"Gestion Candidature","executionId":"55","nodeType":"n8n-nodes-base.set","nodeName":"Edit Fields","nodeId":"ee3045d4-63ec-448f-a356-859420c92482"}}
{"__type":"$$EventMessageConfirm","confirm":"45e09bec-7fb3-4bf5-9ceb-460a3daadd5f","ts":"2025-06-29T09:45:31.213-04:00","source":{"id":"0","name":"eventBus"}}
{"__type":"$$EventMessageNode","id":"0838784e-9ad5-4e5a-9b58-6983b2a01fc8","ts":"2025-06-29T09:45:31.215-04:00","eventName":"n8n.node.finished","message":"n8n.node.finished","payload":{"workflowId":"MvPbsEdnGgAp1YYq","workflowName":"Gestion Candidature","executionId":"55","nodeType":"n8n-nodes-base.set","nodeName":"Edit Fields","nodeId":"ee3045d4-63ec-448f-a356-859420c92482"}}
{"__type":"$$EventMessageConfirm","confirm":"0838784e-9ad5-4e5a-9b58-6983b2a01fc8","ts":"2025-06-29T09:45:31.215-04:00","source":{"id":"0","name":"eventBus"}}
{"__type":"$$EventMessageNode","id":"6dda2867-5186-4b78-aee6-0bac70f19f20","ts":"2025-06-29T09:45:31.215-04:00","eventName":"n8n.node.started","message":"n8n.node.started","payload":{"workflowId":"MvPbsEdnGgAp1YYq","workflowName":"Gestion Candidature","executionId":"55","nodeType":"n8n-nodes-base.emailSend","nodeName":"Send email","nodeId":"8b0f414d-8838-47cf-be05-a33977077fa0"}}
{"__type":"$$EventMessageConfirm","confirm":"6dda2867-5186-4b78-aee6-0bac70f19f20","ts":"2025-06-29T09:45:31.215-04:00","source":{"id":"0","name":"eventBus"}}
{"__type":"$$EventMessageWorkflow","id":"07282b15-2e1e-4bea-8cae-b49ba6d58818","ts":"2025-06-29T09:45:31.299-04:00","eventName":"n8n.workflow.started","message":"n8n.workflow.started","payload":{"executionId":"56","workflowId":"MvPbsEdnGgAp1YYq","isManual":false,"workflowName":"Gestion Candidature"}}
{"__type":"$$EventMessageConfirm","confirm":"07282b15-2e1e-4bea-8cae-b49ba6d58818","ts":"2025-06-29T09:45:31.299-04:00","source":{"id":"0","name":"eventBus"}}
{"__type":"$$EventMessageNode","id":"0afe1895-a54b-4fd5-a9fc-2bd81b58050b","ts":"2025-06-29T09:45:31.300-04:00","eventName":"n8n.node.started","message":"n8n.node.started","payload":{"workflowId":"MvPbsEdnGgAp1YYq","workflowName":"Gestion Candidature","executionId":"56","nodeType":"n8n-nodes-base.webhook","nodeName":"Webhook","nodeId":"27938a5f-d518-4437-bfae-c4a445b70ab1"}}
{"__type":"$$EventMessageConfirm","confirm":"0afe1895-a54b-4fd5-a9fc-2bd81b58050b","ts":"2025-06-29T09:45:31.300-04:00","source":{"id":"0","name":"eventBus"}}
{"__type":"$$EventMessageNode","id":"bb79c5e2-94a4-4569-aebd-b8f3b6cf0b45","ts":"2025-06-29T09:45:31.300-04:00","eventName":"n8n.node.finished","message":"n8n.node.finished","payload":{"workflowId":"MvPbsEdnGgAp1YYq","workflowName":"Gestion Candidature","executionId":"56","nodeType":"n8n-nodes-base.webhook","nodeName":"Webhook","nodeId":"27938a5f-d518-4437-bfae-c4a445b70ab1"}}
{"__type":"$$EventMessageConfirm","confirm":"bb79c5e2-94a4-4569-aebd-b8f3b6cf0b45","ts":"2025-06-29T09:45:31.300-04:00","source":{"id":"0","name":"eventBus"}}
{"__type":"$$EventMessageNode","id":"e44a2529-59ea-4e34-923d-2461eae6c240","ts":"2025-06-29T09:45:31.301-04:00","eventName":"n8n.node.started","message":"n8n.node.started","payload":{"workflowId":"MvPbsEdnGgAp1YYq","workflowName":"Gestion Candidature","executionId":"56","nodeType":"n8n-nodes-base.set","nodeName":"Edit Fields","nodeId":"ee3045d4-63ec-448f-a356-859420c92482"}}
{"__type":"$$EventMessageConfirm","confirm":"e44a2529-59ea-4e34-923d-2461eae6c240","ts":"2025-06-29T09:45:31.301-04:00","source":{"id":"0","name":"eventBus"}}
{"__type":"$$EventMessageNode","id":"abdfa005-0f4b-4834-82e1-6fdb3d70742d","ts":"2025-06-29T09:45:31.305-04:00","eventName":"n8n.node.finished","message":"n8n.node.finished","payload":{"workflowId":"MvPbsEdnGgAp1YYq","workflowName":"Gestion Candidature","executionId":"56","nodeType":"n8n-nodes-base.set","nodeName":"Edit Fields","nodeId":"ee3045d4-63ec-448f-a356-859420c92482"}}
{"__type":"$$EventMessageConfirm","confirm":"abdfa005-0f4b-4834-82e1-6fdb3d70742d","ts":"2025-06-29T09:45:31.305-04:00","source":{"id":"0","name":"eventBus"}}
{"__type":"$$EventMessageNode","id":"c21b36bd-be6a-4fb4-adf0-4a2d0d9080d5","ts":"2025-06-29T09:45:31.306-04:00","eventName":"n8n.node.started","message":"n8n.node.started","payload":{"workflowId":"MvPbsEdnGgAp1YYq","workflowName":"Gestion Candidature","executionId":"56","nodeType":"n8n-nodes-base.emailSend","nodeName":"Send email","nodeId":"8b0f414d-8838-47cf-be05-a33977077fa0"}}
{"__type":"$$EventMessageConfirm","confirm":"c21b36bd-be6a-4fb4-adf0-4a2d0d9080d5","ts":"2025-06-29T09:45:31.306-04:00","source":{"id":"0","name":"eventBus"}}
{"__type":"$$EventMessageNode","id":"e2ef47d9-17b8-4b11-9384-dab15bd3cc64","ts":"2025-06-29T09:45:31.625-04:00","eventName":"n8n.node.finished","message":"n8n.node.finished","payload":{"workflowId":"MvPbsEdnGgAp1YYq","workflowName":"Gestion Candidature","executionId":"56","nodeType":"n8n-nodes-base.emailSend","nodeName":"Send email","nodeId":"8b0f414d-8838-47cf-be05-a33977077fa0"}}
{"__type":"$$EventMessageConfirm","confirm":"e2ef47d9-17b8-4b11-9384-dab15bd3cc64","ts":"2025-06-29T09:45:31.625-04:00","source":{"id":"0","name":"eventBus"}}
{"__type":"$$EventMessageWorkflow","id":"544720fb-12d5-43fa-aece-dad95f780e37","ts":"2025-06-29T09:45:31.626-04:00","eventName":"n8n.workflow.failed","message":"n8n.workflow.failed","payload":{"executionId":"56","success":false,"isManual":false,"workflowId":"MvPbsEdnGgAp1YYq","workflowName":"Gestion Candidature","lastNodeExecuted":"Send email","errorNodeType":"n8n-nodes-base.emailSend","errorMessage":"No recipients defined"}}
{"__type":"$$EventMessageConfirm","confirm":"544720fb-12d5-43fa-aece-dad95f780e37","ts":"2025-06-29T09:45:31.626-04:00","source":{"id":"0","name":"eventBus"}}
{"__type":"$$EventMessageNode","id":"e92a764d-4728-4c4a-8e55-e37262ef5333","ts":"2025-06-29T09:45:32.391-04:00","eventName":"n8n.node.finished","message":"n8n.node.finished","payload":{"workflowId":"MvPbsEdnGgAp1YYq","workflowName":"Gestion Candidature","executionId":"55","nodeType":"n8n-nodes-base.emailSend","nodeName":"Send email","nodeId":"8b0f414d-8838-47cf-be05-a33977077fa0"}}
{"__type":"$$EventMessageConfirm","confirm":"e92a764d-4728-4c4a-8e55-e37262ef5333","ts":"2025-06-29T09:45:32.391-04:00","source":{"id":"0","name":"eventBus"}}
{"__type":"$$EventMessageWorkflow","id":"c4d8c6df-a2bd-4088-864a-f69ab5cae8d4","ts":"2025-06-29T09:45:32.391-04:00","eventName":"n8n.workflow.success","message":"n8n.workflow.success","payload":{"executionId":"55","success":true,"isManual":false,"workflowId":"MvPbsEdnGgAp1YYq","workflowName":"Gestion Candidature"}}
{"__type":"$$EventMessageConfirm","confirm":"c4d8c6df-a2bd-4088-864a-f69ab5cae8d4","ts":"2025-06-29T09:45:32.391-04:00","source":{"id":"0","name":"eventBus"}}
{"__type":"$$EventMessageWorkflow","id":"75e836c6-74fc-4bff-a27e-de54ab59189d","ts":"2025-06-29T09:52:41.028-04:00","eventName":"n8n.workflow.started","message":"n8n.workflow.started","payload":{"executionId":"57","workflowId":"MvPbsEdnGgAp1YYq","isManual":false,"workflowName":"Gestion Candidature"}}
{"__type":"$$EventMessageConfirm","confirm":"75e836c6-74fc-4bff-a27e-de54ab59189d","ts":"2025-06-29T09:52:41.029-04:00","source":{"id":"0","name":"eventBus"}}
{"__type":"$$EventMessageNode","id":"08567e96-76c9-440a-81cc-7b2f406695b5","ts":"2025-06-29T09:52:41.029-04:00","eventName":"n8n.node.started","message":"n8n.node.started","payload":{"workflowId":"MvPbsEdnGgAp1YYq","workflowName":"Gestion Candidature","executionId":"57","nodeType":"n8n-nodes-base.webhook","nodeName":"Webhook","nodeId":"27938a5f-d518-4437-bfae-c4a445b70ab1"}}
{"__type":"$$EventMessageConfirm","confirm":"08567e96-76c9-440a-81cc-7b2f406695b5","ts":"2025-06-29T09:52:41.029-04:00","source":{"id":"0","name":"eventBus"}}
{"__type":"$$EventMessageNode","id":"c0ddec50-cee7-4915-af96-6e43416372a3","ts":"2025-06-29T09:52:41.029-04:00","eventName":"n8n.node.finished","message":"n8n.node.finished","payload":{"workflowId":"MvPbsEdnGgAp1YYq","workflowName":"Gestion Candidature","executionId":"57","nodeType":"n8n-nodes-base.webhook","nodeName":"Webhook","nodeId":"27938a5f-d518-4437-bfae-c4a445b70ab1"}}
{"__type":"$$EventMessageConfirm","confirm":"c0ddec50-cee7-4915-af96-6e43416372a3","ts":"2025-06-29T09:52:41.029-04:00","source":{"id":"0","name":"eventBus"}}
{"__type":"$$EventMessageNode","id":"6a2c05f1-0f73-498a-9c89-411bd3e5da1a","ts":"2025-06-29T09:52:41.029-04:00","eventName":"n8n.node.started","message":"n8n.node.started","payload":{"workflowId":"MvPbsEdnGgAp1YYq","workflowName":"Gestion Candidature","executionId":"57","nodeType":"n8n-nodes-base.set","nodeName":"Edit Fields","nodeId":"ee3045d4-63ec-448f-a356-859420c92482"}}
{"__type":"$$EventMessageConfirm","confirm":"6a2c05f1-0f73-498a-9c89-411bd3e5da1a","ts":"2025-06-29T09:52:41.029-04:00","source":{"id":"0","name":"eventBus"}}
{"__type":"$$EventMessageNode","id":"6a505b67-ba5a-424a-bc2b-01e8288c3443","ts":"2025-06-29T09:52:41.032-04:00","eventName":"n8n.node.finished","message":"n8n.node.finished","payload":{"workflowId":"MvPbsEdnGgAp1YYq","workflowName":"Gestion Candidature","executionId":"57","nodeType":"n8n-nodes-base.set","nodeName":"Edit Fields","nodeId":"ee3045d4-63ec-448f-a356-859420c92482"}}
{"__type":"$$EventMessageConfirm","confirm":"6a505b67-ba5a-424a-bc2b-01e8288c3443","ts":"2025-06-29T09:52:41.032-04:00","source":{"id":"0","name":"eventBus"}}
{"__type":"$$EventMessageNode","id":"72c7cf11-0729-4fb3-9c1a-6a124c600e81","ts":"2025-06-29T09:52:41.032-04:00","eventName":"n8n.node.started","message":"n8n.node.started","payload":{"workflowId":"MvPbsEdnGgAp1YYq","workflowName":"Gestion Candidature","executionId":"57","nodeType":"n8n-nodes-base.emailSend","nodeName":"Send email","nodeId":"8b0f414d-8838-47cf-be05-a33977077fa0"}}
{"__type":"$$EventMessageConfirm","confirm":"72c7cf11-0729-4fb3-9c1a-6a124c600e81","ts":"2025-06-29T09:52:41.032-04:00","source":{"id":"0","name":"eventBus"}}
{"__type":"$$EventMessageWorkflow","id":"434015f0-b357-4e2a-855d-6ac6131671e6","ts":"2025-06-29T09:52:41.088-04:00","eventName":"n8n.workflow.started","message":"n8n.workflow.started","payload":{"executionId":"58","workflowId":"MvPbsEdnGgAp1YYq","isManual":false,"workflowName":"Gestion Candidature"}}
{"__type":"$$EventMessageConfirm","confirm":"434015f0-b357-4e2a-855d-6ac6131671e6","ts":"2025-06-29T09:52:41.088-04:00","source":{"id":"0","name":"eventBus"}}
{"__type":"$$EventMessageNode","id":"022b43ea-9f55-421d-8ae7-dbbc5d11247b","ts":"2025-06-29T09:52:41.089-04:00","eventName":"n8n.node.started","message":"n8n.node.started","payload":{"workflowId":"MvPbsEdnGgAp1YYq","workflowName":"Gestion Candidature","executionId":"58","nodeType":"n8n-nodes-base.webhook","nodeName":"Webhook","nodeId":"27938a5f-d518-4437-bfae-c4a445b70ab1"}}
{"__type":"$$EventMessageConfirm","confirm":"022b43ea-9f55-421d-8ae7-dbbc5d11247b","ts":"2025-06-29T09:52:41.089-04:00","source":{"id":"0","name":"eventBus"}}
{"__type":"$$EventMessageNode","id":"5281f4dd-d69f-42e1-bf79-93fa6ec089ef","ts":"2025-06-29T09:52:41.089-04:00","eventName":"n8n.node.finished","message":"n8n.node.finished","payload":{"workflowId":"MvPbsEdnGgAp1YYq","workflowName":"Gestion Candidature","executionId":"58","nodeType":"n8n-nodes-base.webhook","nodeName":"Webhook","nodeId":"27938a5f-d518-4437-bfae-c4a445b70ab1"}}
{"__type":"$$EventMessageConfirm","confirm":"5281f4dd-d69f-42e1-bf79-93fa6ec089ef","ts":"2025-06-29T09:52:41.089-04:00","source":{"id":"0","name":"eventBus"}}
{"__type":"$$EventMessageNode","id":"8304a889-636e-4299-810c-a95a03673748","ts":"2025-06-29T09:52:41.089-04:00","eventName":"n8n.node.started","message":"n8n.node.started","payload":{"workflowId":"MvPbsEdnGgAp1YYq","workflowName":"Gestion Candidature","executionId":"58","nodeType":"n8n-nodes-base.set","nodeName":"Edit Fields","nodeId":"ee3045d4-63ec-448f-a356-859420c92482"}}
{"__type":"$$EventMessageConfirm","confirm":"8304a889-636e-4299-810c-a95a03673748","ts":"2025-06-29T09:52:41.089-04:00","source":{"id":"0","name":"eventBus"}}
{"__type":"$$EventMessageNode","id":"33776a4c-6464-4e80-9348-16f2d7b50aa1","ts":"2025-06-29T09:52:41.091-04:00","eventName":"n8n.node.finished","message":"n8n.node.finished","payload":{"workflowId":"MvPbsEdnGgAp1YYq","workflowName":"Gestion Candidature","executionId":"58","nodeType":"n8n-nodes-base.set","nodeName":"Edit Fields","nodeId":"ee3045d4-63ec-448f-a356-859420c92482"}}
{"__type":"$$EventMessageConfirm","confirm":"33776a4c-6464-4e80-9348-16f2d7b50aa1","ts":"2025-06-29T09:52:41.091-04:00","source":{"id":"0","name":"eventBus"}}
{"__type":"$$EventMessageNode","id":"b197f613-8edc-417a-bf5a-5a935c80d764","ts":"2025-06-29T09:52:41.091-04:00","eventName":"n8n.node.started","message":"n8n.node.started","payload":{"workflowId":"MvPbsEdnGgAp1YYq","workflowName":"Gestion Candidature","executionId":"58","nodeType":"n8n-nodes-base.emailSend","nodeName":"Send email","nodeId":"8b0f414d-8838-47cf-be05-a33977077fa0"}}
{"__type":"$$EventMessageConfirm","confirm":"b197f613-8edc-417a-bf5a-5a935c80d764","ts":"2025-06-29T09:52:41.091-04:00","source":{"id":"0","name":"eventBus"}}
{"__type":"$$EventMessageNode","id":"95582850-f998-4341-be77-b8657912b3bc","ts":"2025-06-29T09:52:41.400-04:00","eventName":"n8n.node.finished","message":"n8n.node.finished","payload":{"workflowId":"MvPbsEdnGgAp1YYq","workflowName":"Gestion Candidature","executionId":"58","nodeType":"n8n-nodes-base.emailSend","nodeName":"Send email","nodeId":"8b0f414d-8838-47cf-be05-a33977077fa0"}}
{"__type":"$$EventMessageConfirm","confirm":"95582850-f998-4341-be77-b8657912b3bc","ts":"2025-06-29T09:52:41.400-04:00","source":{"id":"0","name":"eventBus"}}
{"__type":"$$EventMessageWorkflow","id":"6397c9e6-dc19-4b67-a835-e628ec54e489","ts":"2025-06-29T09:52:41.400-04:00","eventName":"n8n.workflow.failed","message":"n8n.workflow.failed","payload":{"executionId":"58","success":false,"isManual":false,"workflowId":"MvPbsEdnGgAp1YYq","workflowName":"Gestion Candidature","lastNodeExecuted":"Send email","errorNodeType":"n8n-nodes-base.emailSend","errorMessage":"No recipients defined"}}
{"__type":"$$EventMessageConfirm","confirm":"6397c9e6-dc19-4b67-a835-e628ec54e489","ts":"2025-06-29T09:52:41.400-04:00","source":{"id":"0","name":"eventBus"}}
{"__type":"$$EventMessageNode","id":"3644148a-597e-4176-b307-37158f835b0c","ts":"2025-06-29T09:52:41.865-04:00","eventName":"n8n.node.finished","message":"n8n.node.finished","payload":{"workflowId":"MvPbsEdnGgAp1YYq","workflowName":"Gestion Candidature","executionId":"57","nodeType":"n8n-nodes-base.emailSend","nodeName":"Send email","nodeId":"8b0f414d-8838-47cf-be05-a33977077fa0"}}
{"__type":"$$EventMessageConfirm","confirm":"3644148a-597e-4176-b307-37158f835b0c","ts":"2025-06-29T09:52:41.865-04:00","source":{"id":"0","name":"eventBus"}}
{"__type":"$$EventMessageWorkflow","id":"875becc9-f11c-404c-b60b-1ec88ad456d6","ts":"2025-06-29T09:52:41.865-04:00","eventName":"n8n.workflow.success","message":"n8n.workflow.success","payload":{"executionId":"57","success":true,"isManual":false,"workflowId":"MvPbsEdnGgAp1YYq","workflowName":"Gestion Candidature"}}
{"__type":"$$EventMessageConfirm","confirm":"875becc9-f11c-404c-b60b-1ec88ad456d6","ts":"2025-06-29T09:52:41.866-04:00","source":{"id":"0","name":"eventBus"}}
