{"__type":"$$EventMessageWorkflow","id":"5dfc030c-29fb-4101-9d44-20c5f4ec00cb","ts":"2025-07-01T12:29:21.149-04:00","eventName":"n8n.workflow.started","message":"n8n.workflow.started","payload":{"executionId":"59","workflowId":"MvPbsEdnGgAp1YYq","isManual":false,"workflowName":"Gestion Candidature"}}
{"__type":"$$EventMessageConfirm","confirm":"5dfc030c-29fb-4101-9d44-20c5f4ec00cb","ts":"2025-07-01T12:29:21.161-04:00","source":{"id":"0","name":"eventBus"}}
{"__type":"$$EventMessageNode","id":"5c289f76-da12-443d-b249-c2e165f165b5","ts":"2025-07-01T12:29:21.165-04:00","eventName":"n8n.node.started","message":"n8n.node.started","payload":{"workflowId":"MvPbsEdnGgAp1YYq","workflowName":"Gestion Candidature","executionId":"59","nodeType":"n8n-nodes-base.webhook","nodeName":"Webhook","nodeId":"27938a5f-d518-4437-bfae-c4a445b70ab1"}}
{"__type":"$$EventMessageConfirm","confirm":"5c289f76-da12-443d-b249-c2e165f165b5","ts":"2025-07-01T12:29:21.166-04:00","source":{"id":"0","name":"eventBus"}}
{"__type":"$$EventMessageNode","id":"c8b43932-06e0-42c2-bd57-33f1ac47a900","ts":"2025-07-01T12:29:21.176-04:00","eventName":"n8n.node.finished","message":"n8n.node.finished","payload":{"workflowId":"MvPbsEdnGgAp1YYq","workflowName":"Gestion Candidature","executionId":"59","nodeType":"n8n-nodes-base.webhook","nodeName":"Webhook","nodeId":"27938a5f-d518-4437-bfae-c4a445b70ab1"}}
{"__type":"$$EventMessageConfirm","confirm":"c8b43932-06e0-42c2-bd57-33f1ac47a900","ts":"2025-07-01T12:29:21.176-04:00","source":{"id":"0","name":"eventBus"}}
{"__type":"$$EventMessageNode","id":"93fdb578-08ba-4c97-a46b-ca808c4423bf","ts":"2025-07-01T12:29:21.177-04:00","eventName":"n8n.node.started","message":"n8n.node.started","payload":{"workflowId":"MvPbsEdnGgAp1YYq","workflowName":"Gestion Candidature","executionId":"59","nodeType":"n8n-nodes-base.set","nodeName":"Edit Fields","nodeId":"ee3045d4-63ec-448f-a356-859420c92482"}}
{"__type":"$$EventMessageConfirm","confirm":"93fdb578-08ba-4c97-a46b-ca808c4423bf","ts":"2025-07-01T12:29:21.177-04:00","source":{"id":"0","name":"eventBus"}}
{"__type":"$$EventMessageNode","id":"c53a2987-d30a-471d-bc6a-e25032e81e8f","ts":"2025-07-01T12:29:21.244-04:00","eventName":"n8n.node.finished","message":"n8n.node.finished","payload":{"workflowId":"MvPbsEdnGgAp1YYq","workflowName":"Gestion Candidature","executionId":"59","nodeType":"n8n-nodes-base.set","nodeName":"Edit Fields","nodeId":"ee3045d4-63ec-448f-a356-859420c92482"}}
{"__type":"$$EventMessageConfirm","confirm":"c53a2987-d30a-471d-bc6a-e25032e81e8f","ts":"2025-07-01T12:29:21.244-04:00","source":{"id":"0","name":"eventBus"}}
{"__type":"$$EventMessageNode","id":"6322f3fc-398a-4537-a52f-739724b1fbae","ts":"2025-07-01T12:29:21.245-04:00","eventName":"n8n.node.started","message":"n8n.node.started","payload":{"workflowId":"MvPbsEdnGgAp1YYq","workflowName":"Gestion Candidature","executionId":"59","nodeType":"n8n-nodes-base.emailSend","nodeName":"Send email","nodeId":"8b0f414d-8838-47cf-be05-a33977077fa0"}}
{"__type":"$$EventMessageConfirm","confirm":"6322f3fc-398a-4537-a52f-739724b1fbae","ts":"2025-07-01T12:29:21.245-04:00","source":{"id":"0","name":"eventBus"}}
{"__type":"$$EventMessageWorkflow","id":"5324b46e-f197-4cce-8c8e-1fad6d6f5442","ts":"2025-07-01T12:29:21.481-04:00","eventName":"n8n.workflow.started","message":"n8n.workflow.started","payload":{"executionId":"60","workflowId":"MvPbsEdnGgAp1YYq","isManual":false,"workflowName":"Gestion Candidature"}}
{"__type":"$$EventMessageConfirm","confirm":"5324b46e-f197-4cce-8c8e-1fad6d6f5442","ts":"2025-07-01T12:29:21.481-04:00","source":{"id":"0","name":"eventBus"}}
{"__type":"$$EventMessageNode","id":"e71fd677-0e83-4eef-ad4d-e986e29b63f1","ts":"2025-07-01T12:29:21.481-04:00","eventName":"n8n.node.started","message":"n8n.node.started","payload":{"workflowId":"MvPbsEdnGgAp1YYq","workflowName":"Gestion Candidature","executionId":"60","nodeType":"n8n-nodes-base.webhook","nodeName":"Webhook","nodeId":"27938a5f-d518-4437-bfae-c4a445b70ab1"}}
{"__type":"$$EventMessageConfirm","confirm":"e71fd677-0e83-4eef-ad4d-e986e29b63f1","ts":"2025-07-01T12:29:21.481-04:00","source":{"id":"0","name":"eventBus"}}
{"__type":"$$EventMessageNode","id":"aa1f7af7-31c1-4636-94ac-7e4101218f1c","ts":"2025-07-01T12:29:21.481-04:00","eventName":"n8n.node.finished","message":"n8n.node.finished","payload":{"workflowId":"MvPbsEdnGgAp1YYq","workflowName":"Gestion Candidature","executionId":"60","nodeType":"n8n-nodes-base.webhook","nodeName":"Webhook","nodeId":"27938a5f-d518-4437-bfae-c4a445b70ab1"}}
{"__type":"$$EventMessageConfirm","confirm":"aa1f7af7-31c1-4636-94ac-7e4101218f1c","ts":"2025-07-01T12:29:21.481-04:00","source":{"id":"0","name":"eventBus"}}
{"__type":"$$EventMessageNode","id":"987cb825-1e16-4c49-bc8e-f32e59d2e041","ts":"2025-07-01T12:29:21.482-04:00","eventName":"n8n.node.started","message":"n8n.node.started","payload":{"workflowId":"MvPbsEdnGgAp1YYq","workflowName":"Gestion Candidature","executionId":"60","nodeType":"n8n-nodes-base.set","nodeName":"Edit Fields","nodeId":"ee3045d4-63ec-448f-a356-859420c92482"}}
{"__type":"$$EventMessageConfirm","confirm":"987cb825-1e16-4c49-bc8e-f32e59d2e041","ts":"2025-07-01T12:29:21.482-04:00","source":{"id":"0","name":"eventBus"}}
{"__type":"$$EventMessageNode","id":"c9e2bdcb-2052-4809-a8ec-cd3ea8403755","ts":"2025-07-01T12:29:21.484-04:00","eventName":"n8n.node.finished","message":"n8n.node.finished","payload":{"workflowId":"MvPbsEdnGgAp1YYq","workflowName":"Gestion Candidature","executionId":"60","nodeType":"n8n-nodes-base.set","nodeName":"Edit Fields","nodeId":"ee3045d4-63ec-448f-a356-859420c92482"}}
{"__type":"$$EventMessageConfirm","confirm":"c9e2bdcb-2052-4809-a8ec-cd3ea8403755","ts":"2025-07-01T12:29:21.484-04:00","source":{"id":"0","name":"eventBus"}}
{"__type":"$$EventMessageNode","id":"b89aff47-2651-46e8-854f-500237b20cee","ts":"2025-07-01T12:29:21.484-04:00","eventName":"n8n.node.started","message":"n8n.node.started","payload":{"workflowId":"MvPbsEdnGgAp1YYq","workflowName":"Gestion Candidature","executionId":"60","nodeType":"n8n-nodes-base.emailSend","nodeName":"Send email","nodeId":"8b0f414d-8838-47cf-be05-a33977077fa0"}}
{"__type":"$$EventMessageConfirm","confirm":"b89aff47-2651-46e8-854f-500237b20cee","ts":"2025-07-01T12:29:21.484-04:00","source":{"id":"0","name":"eventBus"}}
{"__type":"$$EventMessageNode","id":"1b16fd38-370b-48d5-937f-91c9894be5f1","ts":"2025-07-01T12:29:22.055-04:00","eventName":"n8n.node.finished","message":"n8n.node.finished","payload":{"workflowId":"MvPbsEdnGgAp1YYq","workflowName":"Gestion Candidature","executionId":"60","nodeType":"n8n-nodes-base.emailSend","nodeName":"Send email","nodeId":"8b0f414d-8838-47cf-be05-a33977077fa0"}}
{"__type":"$$EventMessageConfirm","confirm":"1b16fd38-370b-48d5-937f-91c9894be5f1","ts":"2025-07-01T12:29:22.055-04:00","source":{"id":"0","name":"eventBus"}}
{"__type":"$$EventMessageWorkflow","id":"38168244-00de-49af-87c1-434edc877365","ts":"2025-07-01T12:29:22.066-04:00","eventName":"n8n.workflow.failed","message":"n8n.workflow.failed","payload":{"executionId":"60","success":false,"isManual":false,"workflowId":"MvPbsEdnGgAp1YYq","workflowName":"Gestion Candidature","lastNodeExecuted":"Send email","errorNodeType":"n8n-nodes-base.emailSend","errorMessage":"No recipients defined"}}
{"__type":"$$EventMessageConfirm","confirm":"38168244-00de-49af-87c1-434edc877365","ts":"2025-07-01T12:29:22.066-04:00","source":{"id":"0","name":"eventBus"}}
{"__type":"$$EventMessageNode","id":"44d7046c-9b81-4a94-acf6-66c21ea280fe","ts":"2025-07-01T12:29:23.422-04:00","eventName":"n8n.node.finished","message":"n8n.node.finished","payload":{"workflowId":"MvPbsEdnGgAp1YYq","workflowName":"Gestion Candidature","executionId":"59","nodeType":"n8n-nodes-base.emailSend","nodeName":"Send email","nodeId":"8b0f414d-8838-47cf-be05-a33977077fa0"}}
{"__type":"$$EventMessageConfirm","confirm":"44d7046c-9b81-4a94-acf6-66c21ea280fe","ts":"2025-07-01T12:29:23.422-04:00","source":{"id":"0","name":"eventBus"}}
{"__type":"$$EventMessageWorkflow","id":"61d04254-7683-44cf-ba52-00f4e9ba5758","ts":"2025-07-01T12:29:23.427-04:00","eventName":"n8n.workflow.success","message":"n8n.workflow.success","payload":{"executionId":"59","success":true,"isManual":false,"workflowId":"MvPbsEdnGgAp1YYq","workflowName":"Gestion Candidature"}}
{"__type":"$$EventMessageConfirm","confirm":"61d04254-7683-44cf-ba52-00f4e9ba5758","ts":"2025-07-01T12:29:23.427-04:00","source":{"id":"0","name":"eventBus"}}
{"__type":"$$EventMessageWorkflow","id":"c684058f-ee4a-45da-a7f0-f506eb8d4c2f","ts":"2025-07-01T12:56:08.122-04:00","eventName":"n8n.workflow.started","message":"n8n.workflow.started","payload":{"executionId":"61","workflowId":"MvPbsEdnGgAp1YYq","isManual":false,"workflowName":"Gestion Candidature"}}
{"__type":"$$EventMessageConfirm","confirm":"c684058f-ee4a-45da-a7f0-f506eb8d4c2f","ts":"2025-07-01T12:56:08.123-04:00","source":{"id":"0","name":"eventBus"}}
{"__type":"$$EventMessageNode","id":"672827de-e436-4cbf-b6c5-d0652b39ea4e","ts":"2025-07-01T12:56:08.124-04:00","eventName":"n8n.node.started","message":"n8n.node.started","payload":{"workflowId":"MvPbsEdnGgAp1YYq","workflowName":"Gestion Candidature","executionId":"61","nodeType":"n8n-nodes-base.webhook","nodeName":"Webhook","nodeId":"27938a5f-d518-4437-bfae-c4a445b70ab1"}}
{"__type":"$$EventMessageConfirm","confirm":"672827de-e436-4cbf-b6c5-d0652b39ea4e","ts":"2025-07-01T12:56:08.124-04:00","source":{"id":"0","name":"eventBus"}}
{"__type":"$$EventMessageNode","id":"efd5f725-46f6-4e8e-8f49-1441098bee4f","ts":"2025-07-01T12:56:08.125-04:00","eventName":"n8n.node.finished","message":"n8n.node.finished","payload":{"workflowId":"MvPbsEdnGgAp1YYq","workflowName":"Gestion Candidature","executionId":"61","nodeType":"n8n-nodes-base.webhook","nodeName":"Webhook","nodeId":"27938a5f-d518-4437-bfae-c4a445b70ab1"}}
{"__type":"$$EventMessageConfirm","confirm":"efd5f725-46f6-4e8e-8f49-1441098bee4f","ts":"2025-07-01T12:56:08.125-04:00","source":{"id":"0","name":"eventBus"}}
{"__type":"$$EventMessageNode","id":"e1afd87e-a60f-4234-9807-02f7f6f46aa3","ts":"2025-07-01T12:56:08.125-04:00","eventName":"n8n.node.started","message":"n8n.node.started","payload":{"workflowId":"MvPbsEdnGgAp1YYq","workflowName":"Gestion Candidature","executionId":"61","nodeType":"n8n-nodes-base.set","nodeName":"Edit Fields","nodeId":"ee3045d4-63ec-448f-a356-859420c92482"}}
{"__type":"$$EventMessageConfirm","confirm":"e1afd87e-a60f-4234-9807-02f7f6f46aa3","ts":"2025-07-01T12:56:08.125-04:00","source":{"id":"0","name":"eventBus"}}
{"__type":"$$EventMessageNode","id":"56fcf50d-ccb7-4c1a-8d90-81e0fef77623","ts":"2025-07-01T12:56:08.132-04:00","eventName":"n8n.node.finished","message":"n8n.node.finished","payload":{"workflowId":"MvPbsEdnGgAp1YYq","workflowName":"Gestion Candidature","executionId":"61","nodeType":"n8n-nodes-base.set","nodeName":"Edit Fields","nodeId":"ee3045d4-63ec-448f-a356-859420c92482"}}
{"__type":"$$EventMessageConfirm","confirm":"56fcf50d-ccb7-4c1a-8d90-81e0fef77623","ts":"2025-07-01T12:56:08.132-04:00","source":{"id":"0","name":"eventBus"}}
{"__type":"$$EventMessageNode","id":"93d29e9c-efd3-4347-9076-e4131c7e84d0","ts":"2025-07-01T12:56:08.132-04:00","eventName":"n8n.node.started","message":"n8n.node.started","payload":{"workflowId":"MvPbsEdnGgAp1YYq","workflowName":"Gestion Candidature","executionId":"61","nodeType":"n8n-nodes-base.emailSend","nodeName":"Send email","nodeId":"8b0f414d-8838-47cf-be05-a33977077fa0"}}
{"__type":"$$EventMessageConfirm","confirm":"93d29e9c-efd3-4347-9076-e4131c7e84d0","ts":"2025-07-01T12:56:08.132-04:00","source":{"id":"0","name":"eventBus"}}
{"__type":"$$EventMessageWorkflow","id":"16f8d2ee-6d35-4729-a406-79174a3420cf","ts":"2025-07-01T12:56:08.214-04:00","eventName":"n8n.workflow.started","message":"n8n.workflow.started","payload":{"executionId":"62","workflowId":"MvPbsEdnGgAp1YYq","isManual":false,"workflowName":"Gestion Candidature"}}
{"__type":"$$EventMessageConfirm","confirm":"16f8d2ee-6d35-4729-a406-79174a3420cf","ts":"2025-07-01T12:56:08.214-04:00","source":{"id":"0","name":"eventBus"}}
{"__type":"$$EventMessageNode","id":"1c71da90-7078-4a7c-bd92-a22ecbed25af","ts":"2025-07-01T12:56:08.215-04:00","eventName":"n8n.node.started","message":"n8n.node.started","payload":{"workflowId":"MvPbsEdnGgAp1YYq","workflowName":"Gestion Candidature","executionId":"62","nodeType":"n8n-nodes-base.webhook","nodeName":"Webhook","nodeId":"27938a5f-d518-4437-bfae-c4a445b70ab1"}}
{"__type":"$$EventMessageConfirm","confirm":"1c71da90-7078-4a7c-bd92-a22ecbed25af","ts":"2025-07-01T12:56:08.215-04:00","source":{"id":"0","name":"eventBus"}}
{"__type":"$$EventMessageNode","id":"d39844ce-c09a-4f58-bb19-e052b414b82d","ts":"2025-07-01T12:56:08.215-04:00","eventName":"n8n.node.finished","message":"n8n.node.finished","payload":{"workflowId":"MvPbsEdnGgAp1YYq","workflowName":"Gestion Candidature","executionId":"62","nodeType":"n8n-nodes-base.webhook","nodeName":"Webhook","nodeId":"27938a5f-d518-4437-bfae-c4a445b70ab1"}}
{"__type":"$$EventMessageConfirm","confirm":"d39844ce-c09a-4f58-bb19-e052b414b82d","ts":"2025-07-01T12:56:08.215-04:00","source":{"id":"0","name":"eventBus"}}
{"__type":"$$EventMessageNode","id":"53c7a125-b21e-40a0-b7e5-ab9a50bd73ee","ts":"2025-07-01T12:56:08.215-04:00","eventName":"n8n.node.started","message":"n8n.node.started","payload":{"workflowId":"MvPbsEdnGgAp1YYq","workflowName":"Gestion Candidature","executionId":"62","nodeType":"n8n-nodes-base.set","nodeName":"Edit Fields","nodeId":"ee3045d4-63ec-448f-a356-859420c92482"}}
{"__type":"$$EventMessageConfirm","confirm":"53c7a125-b21e-40a0-b7e5-ab9a50bd73ee","ts":"2025-07-01T12:56:08.215-04:00","source":{"id":"0","name":"eventBus"}}
{"__type":"$$EventMessageNode","id":"9b0688fc-8149-4d1b-a944-3b7e3239840c","ts":"2025-07-01T12:56:08.217-04:00","eventName":"n8n.node.finished","message":"n8n.node.finished","payload":{"workflowId":"MvPbsEdnGgAp1YYq","workflowName":"Gestion Candidature","executionId":"62","nodeType":"n8n-nodes-base.set","nodeName":"Edit Fields","nodeId":"ee3045d4-63ec-448f-a356-859420c92482"}}
{"__type":"$$EventMessageConfirm","confirm":"9b0688fc-8149-4d1b-a944-3b7e3239840c","ts":"2025-07-01T12:56:08.218-04:00","source":{"id":"0","name":"eventBus"}}
{"__type":"$$EventMessageNode","id":"b72f2cf7-8208-42c8-81d9-a5188754b03e","ts":"2025-07-01T12:56:08.218-04:00","eventName":"n8n.node.started","message":"n8n.node.started","payload":{"workflowId":"MvPbsEdnGgAp1YYq","workflowName":"Gestion Candidature","executionId":"62","nodeType":"n8n-nodes-base.emailSend","nodeName":"Send email","nodeId":"8b0f414d-8838-47cf-be05-a33977077fa0"}}
{"__type":"$$EventMessageConfirm","confirm":"b72f2cf7-8208-42c8-81d9-a5188754b03e","ts":"2025-07-01T12:56:08.218-04:00","source":{"id":"0","name":"eventBus"}}
{"__type":"$$EventMessageNode","id":"c0782d1f-225c-496f-8af0-020a5022cf19","ts":"2025-07-01T12:56:08.502-04:00","eventName":"n8n.node.finished","message":"n8n.node.finished","payload":{"workflowId":"MvPbsEdnGgAp1YYq","workflowName":"Gestion Candidature","executionId":"62","nodeType":"n8n-nodes-base.emailSend","nodeName":"Send email","nodeId":"8b0f414d-8838-47cf-be05-a33977077fa0"}}
{"__type":"$$EventMessageConfirm","confirm":"c0782d1f-225c-496f-8af0-020a5022cf19","ts":"2025-07-01T12:56:08.502-04:00","source":{"id":"0","name":"eventBus"}}
{"__type":"$$EventMessageWorkflow","id":"8eea45f8-d8ea-4405-90c2-092b058c04b2","ts":"2025-07-01T12:56:08.503-04:00","eventName":"n8n.workflow.failed","message":"n8n.workflow.failed","payload":{"executionId":"62","success":false,"isManual":false,"workflowId":"MvPbsEdnGgAp1YYq","workflowName":"Gestion Candidature","lastNodeExecuted":"Send email","errorNodeType":"n8n-nodes-base.emailSend","errorMessage":"No recipients defined"}}
{"__type":"$$EventMessageConfirm","confirm":"8eea45f8-d8ea-4405-90c2-092b058c04b2","ts":"2025-07-01T12:56:08.503-04:00","source":{"id":"0","name":"eventBus"}}
{"__type":"$$EventMessageNode","id":"8dbd98ad-d5cd-4a9b-be24-9dc89a6925ed","ts":"2025-07-01T12:56:09.326-04:00","eventName":"n8n.node.finished","message":"n8n.node.finished","payload":{"workflowId":"MvPbsEdnGgAp1YYq","workflowName":"Gestion Candidature","executionId":"61","nodeType":"n8n-nodes-base.emailSend","nodeName":"Send email","nodeId":"8b0f414d-8838-47cf-be05-a33977077fa0"}}
{"__type":"$$EventMessageConfirm","confirm":"8dbd98ad-d5cd-4a9b-be24-9dc89a6925ed","ts":"2025-07-01T12:56:09.326-04:00","source":{"id":"0","name":"eventBus"}}
{"__type":"$$EventMessageWorkflow","id":"3e4c4268-2275-402a-b554-628568bfd94a","ts":"2025-07-01T12:56:09.326-04:00","eventName":"n8n.workflow.success","message":"n8n.workflow.success","payload":{"executionId":"61","success":true,"isManual":false,"workflowId":"MvPbsEdnGgAp1YYq","workflowName":"Gestion Candidature"}}
{"__type":"$$EventMessageConfirm","confirm":"3e4c4268-2275-402a-b554-628568bfd94a","ts":"2025-07-01T12:56:09.326-04:00","source":{"id":"0","name":"eventBus"}}
{"__type":"$$EventMessageWorkflow","id":"60171c78-a1bb-43b6-a724-b1012b651968","ts":"2025-07-01T12:57:03.761-04:00","eventName":"n8n.workflow.started","message":"n8n.workflow.started","payload":{"executionId":"63","workflowId":"MvPbsEdnGgAp1YYq","isManual":false,"workflowName":"Gestion Candidature"}}
{"__type":"$$EventMessageConfirm","confirm":"60171c78-a1bb-43b6-a724-b1012b651968","ts":"2025-07-01T12:57:03.761-04:00","source":{"id":"0","name":"eventBus"}}
{"__type":"$$EventMessageNode","id":"a1a93203-c121-4d0a-946b-90a8a40ba414","ts":"2025-07-01T12:57:03.761-04:00","eventName":"n8n.node.started","message":"n8n.node.started","payload":{"workflowId":"MvPbsEdnGgAp1YYq","workflowName":"Gestion Candidature","executionId":"63","nodeType":"n8n-nodes-base.webhook","nodeName":"Webhook","nodeId":"27938a5f-d518-4437-bfae-c4a445b70ab1"}}
{"__type":"$$EventMessageConfirm","confirm":"a1a93203-c121-4d0a-946b-90a8a40ba414","ts":"2025-07-01T12:57:03.761-04:00","source":{"id":"0","name":"eventBus"}}
{"__type":"$$EventMessageNode","id":"a6218b5d-34e5-4e3b-a724-2db377f10237","ts":"2025-07-01T12:57:03.762-04:00","eventName":"n8n.node.finished","message":"n8n.node.finished","payload":{"workflowId":"MvPbsEdnGgAp1YYq","workflowName":"Gestion Candidature","executionId":"63","nodeType":"n8n-nodes-base.webhook","nodeName":"Webhook","nodeId":"27938a5f-d518-4437-bfae-c4a445b70ab1"}}
{"__type":"$$EventMessageConfirm","confirm":"a6218b5d-34e5-4e3b-a724-2db377f10237","ts":"2025-07-01T12:57:03.762-04:00","source":{"id":"0","name":"eventBus"}}
{"__type":"$$EventMessageNode","id":"e46dbc32-5103-41e8-82eb-ac2afa6a8f70","ts":"2025-07-01T12:57:03.762-04:00","eventName":"n8n.node.started","message":"n8n.node.started","payload":{"workflowId":"MvPbsEdnGgAp1YYq","workflowName":"Gestion Candidature","executionId":"63","nodeType":"n8n-nodes-base.set","nodeName":"Edit Fields","nodeId":"ee3045d4-63ec-448f-a356-859420c92482"}}
{"__type":"$$EventMessageConfirm","confirm":"e46dbc32-5103-41e8-82eb-ac2afa6a8f70","ts":"2025-07-01T12:57:03.762-04:00","source":{"id":"0","name":"eventBus"}}
{"__type":"$$EventMessageNode","id":"eb1d816c-e95a-46a1-a761-96c3cf997a8d","ts":"2025-07-01T12:57:03.763-04:00","eventName":"n8n.node.finished","message":"n8n.node.finished","payload":{"workflowId":"MvPbsEdnGgAp1YYq","workflowName":"Gestion Candidature","executionId":"63","nodeType":"n8n-nodes-base.set","nodeName":"Edit Fields","nodeId":"ee3045d4-63ec-448f-a356-859420c92482"}}
{"__type":"$$EventMessageConfirm","confirm":"eb1d816c-e95a-46a1-a761-96c3cf997a8d","ts":"2025-07-01T12:57:03.764-04:00","source":{"id":"0","name":"eventBus"}}
{"__type":"$$EventMessageNode","id":"bb41b4e7-28da-44de-84d8-4f336b5223bd","ts":"2025-07-01T12:57:03.764-04:00","eventName":"n8n.node.started","message":"n8n.node.started","payload":{"workflowId":"MvPbsEdnGgAp1YYq","workflowName":"Gestion Candidature","executionId":"63","nodeType":"n8n-nodes-base.emailSend","nodeName":"Send email","nodeId":"8b0f414d-8838-47cf-be05-a33977077fa0"}}
{"__type":"$$EventMessageConfirm","confirm":"bb41b4e7-28da-44de-84d8-4f336b5223bd","ts":"2025-07-01T12:57:03.764-04:00","source":{"id":"0","name":"eventBus"}}
{"__type":"$$EventMessageWorkflow","id":"38e949ab-fbf9-4e01-a3c4-efa7722fbba7","ts":"2025-07-01T12:57:03.814-04:00","eventName":"n8n.workflow.started","message":"n8n.workflow.started","payload":{"executionId":"64","workflowId":"MvPbsEdnGgAp1YYq","isManual":false,"workflowName":"Gestion Candidature"}}
{"__type":"$$EventMessageConfirm","confirm":"38e949ab-fbf9-4e01-a3c4-efa7722fbba7","ts":"2025-07-01T12:57:03.815-04:00","source":{"id":"0","name":"eventBus"}}
{"__type":"$$EventMessageNode","id":"2ba57431-9a3e-4506-8934-2aeddae36431","ts":"2025-07-01T12:57:03.815-04:00","eventName":"n8n.node.started","message":"n8n.node.started","payload":{"workflowId":"MvPbsEdnGgAp1YYq","workflowName":"Gestion Candidature","executionId":"64","nodeType":"n8n-nodes-base.webhook","nodeName":"Webhook","nodeId":"27938a5f-d518-4437-bfae-c4a445b70ab1"}}
{"__type":"$$EventMessageConfirm","confirm":"2ba57431-9a3e-4506-8934-2aeddae36431","ts":"2025-07-01T12:57:03.815-04:00","source":{"id":"0","name":"eventBus"}}
{"__type":"$$EventMessageNode","id":"42038568-6423-4b1b-bbd5-5af55d089b2c","ts":"2025-07-01T12:57:03.815-04:00","eventName":"n8n.node.finished","message":"n8n.node.finished","payload":{"workflowId":"MvPbsEdnGgAp1YYq","workflowName":"Gestion Candidature","executionId":"64","nodeType":"n8n-nodes-base.webhook","nodeName":"Webhook","nodeId":"27938a5f-d518-4437-bfae-c4a445b70ab1"}}
{"__type":"$$EventMessageConfirm","confirm":"42038568-6423-4b1b-bbd5-5af55d089b2c","ts":"2025-07-01T12:57:03.815-04:00","source":{"id":"0","name":"eventBus"}}
{"__type":"$$EventMessageNode","id":"7aaaabee-76d4-49bb-a6e8-05e61737d561","ts":"2025-07-01T12:57:03.815-04:00","eventName":"n8n.node.started","message":"n8n.node.started","payload":{"workflowId":"MvPbsEdnGgAp1YYq","workflowName":"Gestion Candidature","executionId":"64","nodeType":"n8n-nodes-base.set","nodeName":"Edit Fields","nodeId":"ee3045d4-63ec-448f-a356-859420c92482"}}
{"__type":"$$EventMessageConfirm","confirm":"7aaaabee-76d4-49bb-a6e8-05e61737d561","ts":"2025-07-01T12:57:03.815-04:00","source":{"id":"0","name":"eventBus"}}
{"__type":"$$EventMessageNode","id":"95979320-c3a6-48b7-8c04-b5094ee28c35","ts":"2025-07-01T12:57:03.816-04:00","eventName":"n8n.node.finished","message":"n8n.node.finished","payload":{"workflowId":"MvPbsEdnGgAp1YYq","workflowName":"Gestion Candidature","executionId":"64","nodeType":"n8n-nodes-base.set","nodeName":"Edit Fields","nodeId":"ee3045d4-63ec-448f-a356-859420c92482"}}
{"__type":"$$EventMessageConfirm","confirm":"95979320-c3a6-48b7-8c04-b5094ee28c35","ts":"2025-07-01T12:57:03.816-04:00","source":{"id":"0","name":"eventBus"}}
{"__type":"$$EventMessageNode","id":"8f38e59c-2297-426e-8bd0-d72ee54da07b","ts":"2025-07-01T12:57:03.816-04:00","eventName":"n8n.node.started","message":"n8n.node.started","payload":{"workflowId":"MvPbsEdnGgAp1YYq","workflowName":"Gestion Candidature","executionId":"64","nodeType":"n8n-nodes-base.emailSend","nodeName":"Send email","nodeId":"8b0f414d-8838-47cf-be05-a33977077fa0"}}
{"__type":"$$EventMessageConfirm","confirm":"8f38e59c-2297-426e-8bd0-d72ee54da07b","ts":"2025-07-01T12:57:03.816-04:00","source":{"id":"0","name":"eventBus"}}
{"__type":"$$EventMessageNode","id":"57191b75-6e74-4691-87c9-0dd6b3fa8f61","ts":"2025-07-01T12:57:04.078-04:00","eventName":"n8n.node.finished","message":"n8n.node.finished","payload":{"workflowId":"MvPbsEdnGgAp1YYq","workflowName":"Gestion Candidature","executionId":"64","nodeType":"n8n-nodes-base.emailSend","nodeName":"Send email","nodeId":"8b0f414d-8838-47cf-be05-a33977077fa0"}}
{"__type":"$$EventMessageConfirm","confirm":"57191b75-6e74-4691-87c9-0dd6b3fa8f61","ts":"2025-07-01T12:57:04.078-04:00","source":{"id":"0","name":"eventBus"}}
{"__type":"$$EventMessageWorkflow","id":"7de8afe1-8e08-406e-9adb-69025b84835f","ts":"2025-07-01T12:57:04.078-04:00","eventName":"n8n.workflow.failed","message":"n8n.workflow.failed","payload":{"executionId":"64","success":false,"isManual":false,"workflowId":"MvPbsEdnGgAp1YYq","workflowName":"Gestion Candidature","lastNodeExecuted":"Send email","errorNodeType":"n8n-nodes-base.emailSend","errorMessage":"No recipients defined"}}
{"__type":"$$EventMessageConfirm","confirm":"7de8afe1-8e08-406e-9adb-69025b84835f","ts":"2025-07-01T12:57:04.078-04:00","source":{"id":"0","name":"eventBus"}}
{"__type":"$$EventMessageNode","id":"77d4e7b2-08cf-49b2-9c74-42fe3303c2b1","ts":"2025-07-01T12:57:04.570-04:00","eventName":"n8n.node.finished","message":"n8n.node.finished","payload":{"workflowId":"MvPbsEdnGgAp1YYq","workflowName":"Gestion Candidature","executionId":"63","nodeType":"n8n-nodes-base.emailSend","nodeName":"Send email","nodeId":"8b0f414d-8838-47cf-be05-a33977077fa0"}}
{"__type":"$$EventMessageConfirm","confirm":"77d4e7b2-08cf-49b2-9c74-42fe3303c2b1","ts":"2025-07-01T12:57:04.570-04:00","source":{"id":"0","name":"eventBus"}}
{"__type":"$$EventMessageWorkflow","id":"46bb03d9-d842-4128-b87d-883f7b68019e","ts":"2025-07-01T12:57:04.570-04:00","eventName":"n8n.workflow.success","message":"n8n.workflow.success","payload":{"executionId":"63","success":true,"isManual":false,"workflowId":"MvPbsEdnGgAp1YYq","workflowName":"Gestion Candidature"}}
{"__type":"$$EventMessageConfirm","confirm":"46bb03d9-d842-4128-b87d-883f7b68019e","ts":"2025-07-01T12:57:04.570-04:00","source":{"id":"0","name":"eventBus"}}
{"__type":"$$EventMessageWorkflow","id":"da538108-075d-468b-b898-a5da36a20ed6","ts":"2025-07-01T12:57:52.731-04:00","eventName":"n8n.workflow.started","message":"n8n.workflow.started","payload":{"executionId":"65","workflowId":"MvPbsEdnGgAp1YYq","isManual":false,"workflowName":"Gestion Candidature"}}
{"__type":"$$EventMessageConfirm","confirm":"da538108-075d-468b-b898-a5da36a20ed6","ts":"2025-07-01T12:57:52.731-04:00","source":{"id":"0","name":"eventBus"}}
{"__type":"$$EventMessageNode","id":"1df0774b-286a-4fa2-861a-db6dee94f0f4","ts":"2025-07-01T12:57:52.731-04:00","eventName":"n8n.node.started","message":"n8n.node.started","payload":{"workflowId":"MvPbsEdnGgAp1YYq","workflowName":"Gestion Candidature","executionId":"65","nodeType":"n8n-nodes-base.webhook","nodeName":"Webhook","nodeId":"27938a5f-d518-4437-bfae-c4a445b70ab1"}}
{"__type":"$$EventMessageConfirm","confirm":"1df0774b-286a-4fa2-861a-db6dee94f0f4","ts":"2025-07-01T12:57:52.732-04:00","source":{"id":"0","name":"eventBus"}}
{"__type":"$$EventMessageNode","id":"cd406772-42c8-492a-90a9-a86f624527c4","ts":"2025-07-01T12:57:52.732-04:00","eventName":"n8n.node.finished","message":"n8n.node.finished","payload":{"workflowId":"MvPbsEdnGgAp1YYq","workflowName":"Gestion Candidature","executionId":"65","nodeType":"n8n-nodes-base.webhook","nodeName":"Webhook","nodeId":"27938a5f-d518-4437-bfae-c4a445b70ab1"}}
{"__type":"$$EventMessageConfirm","confirm":"cd406772-42c8-492a-90a9-a86f624527c4","ts":"2025-07-01T12:57:52.732-04:00","source":{"id":"0","name":"eventBus"}}
{"__type":"$$EventMessageNode","id":"719b9320-d1ca-47ff-9fa0-1486d59587e2","ts":"2025-07-01T12:57:52.732-04:00","eventName":"n8n.node.started","message":"n8n.node.started","payload":{"workflowId":"MvPbsEdnGgAp1YYq","workflowName":"Gestion Candidature","executionId":"65","nodeType":"n8n-nodes-base.set","nodeName":"Edit Fields","nodeId":"ee3045d4-63ec-448f-a356-859420c92482"}}
{"__type":"$$EventMessageConfirm","confirm":"719b9320-d1ca-47ff-9fa0-1486d59587e2","ts":"2025-07-01T12:57:52.732-04:00","source":{"id":"0","name":"eventBus"}}
{"__type":"$$EventMessageNode","id":"40d5f344-5bb7-47f1-8a9b-187794cead91","ts":"2025-07-01T12:57:52.734-04:00","eventName":"n8n.node.finished","message":"n8n.node.finished","payload":{"workflowId":"MvPbsEdnGgAp1YYq","workflowName":"Gestion Candidature","executionId":"65","nodeType":"n8n-nodes-base.set","nodeName":"Edit Fields","nodeId":"ee3045d4-63ec-448f-a356-859420c92482"}}
{"__type":"$$EventMessageConfirm","confirm":"40d5f344-5bb7-47f1-8a9b-187794cead91","ts":"2025-07-01T12:57:52.734-04:00","source":{"id":"0","name":"eventBus"}}
{"__type":"$$EventMessageNode","id":"f8686672-7d57-4d16-828f-a539aa119b4a","ts":"2025-07-01T12:57:52.735-04:00","eventName":"n8n.node.started","message":"n8n.node.started","payload":{"workflowId":"MvPbsEdnGgAp1YYq","workflowName":"Gestion Candidature","executionId":"65","nodeType":"n8n-nodes-base.emailSend","nodeName":"Send email","nodeId":"8b0f414d-8838-47cf-be05-a33977077fa0"}}
{"__type":"$$EventMessageConfirm","confirm":"f8686672-7d57-4d16-828f-a539aa119b4a","ts":"2025-07-01T12:57:52.735-04:00","source":{"id":"0","name":"eventBus"}}
{"__type":"$$EventMessageWorkflow","id":"70909696-4b1a-4059-9c04-3c9fd4e378eb","ts":"2025-07-01T12:57:52.808-04:00","eventName":"n8n.workflow.started","message":"n8n.workflow.started","payload":{"executionId":"66","workflowId":"MvPbsEdnGgAp1YYq","isManual":false,"workflowName":"Gestion Candidature"}}
{"__type":"$$EventMessageConfirm","confirm":"70909696-4b1a-4059-9c04-3c9fd4e378eb","ts":"2025-07-01T12:57:52.808-04:00","source":{"id":"0","name":"eventBus"}}
{"__type":"$$EventMessageNode","id":"7c3f6d54-d274-4832-89dd-f9285081553d","ts":"2025-07-01T12:57:52.808-04:00","eventName":"n8n.node.started","message":"n8n.node.started","payload":{"workflowId":"MvPbsEdnGgAp1YYq","workflowName":"Gestion Candidature","executionId":"66","nodeType":"n8n-nodes-base.webhook","nodeName":"Webhook","nodeId":"27938a5f-d518-4437-bfae-c4a445b70ab1"}}
{"__type":"$$EventMessageConfirm","confirm":"7c3f6d54-d274-4832-89dd-f9285081553d","ts":"2025-07-01T12:57:52.808-04:00","source":{"id":"0","name":"eventBus"}}
{"__type":"$$EventMessageNode","id":"10f28fcf-5a7a-4a72-b191-14283e9f60ca","ts":"2025-07-01T12:57:52.809-04:00","eventName":"n8n.node.finished","message":"n8n.node.finished","payload":{"workflowId":"MvPbsEdnGgAp1YYq","workflowName":"Gestion Candidature","executionId":"66","nodeType":"n8n-nodes-base.webhook","nodeName":"Webhook","nodeId":"27938a5f-d518-4437-bfae-c4a445b70ab1"}}
{"__type":"$$EventMessageConfirm","confirm":"10f28fcf-5a7a-4a72-b191-14283e9f60ca","ts":"2025-07-01T12:57:52.809-04:00","source":{"id":"0","name":"eventBus"}}
{"__type":"$$EventMessageNode","id":"78bef96e-aa3f-494f-816a-999e03569337","ts":"2025-07-01T12:57:52.809-04:00","eventName":"n8n.node.started","message":"n8n.node.started","payload":{"workflowId":"MvPbsEdnGgAp1YYq","workflowName":"Gestion Candidature","executionId":"66","nodeType":"n8n-nodes-base.set","nodeName":"Edit Fields","nodeId":"ee3045d4-63ec-448f-a356-859420c92482"}}
{"__type":"$$EventMessageConfirm","confirm":"78bef96e-aa3f-494f-816a-999e03569337","ts":"2025-07-01T12:57:52.809-04:00","source":{"id":"0","name":"eventBus"}}
{"__type":"$$EventMessageNode","id":"ce6967d0-80e4-464f-a25a-f1fe432ed8f2","ts":"2025-07-01T12:57:52.810-04:00","eventName":"n8n.node.finished","message":"n8n.node.finished","payload":{"workflowId":"MvPbsEdnGgAp1YYq","workflowName":"Gestion Candidature","executionId":"66","nodeType":"n8n-nodes-base.set","nodeName":"Edit Fields","nodeId":"ee3045d4-63ec-448f-a356-859420c92482"}}
{"__type":"$$EventMessageConfirm","confirm":"ce6967d0-80e4-464f-a25a-f1fe432ed8f2","ts":"2025-07-01T12:57:52.810-04:00","source":{"id":"0","name":"eventBus"}}
{"__type":"$$EventMessageNode","id":"61442f51-6cd0-4810-8d5f-2ffabe296407","ts":"2025-07-01T12:57:52.810-04:00","eventName":"n8n.node.started","message":"n8n.node.started","payload":{"workflowId":"MvPbsEdnGgAp1YYq","workflowName":"Gestion Candidature","executionId":"66","nodeType":"n8n-nodes-base.emailSend","nodeName":"Send email","nodeId":"8b0f414d-8838-47cf-be05-a33977077fa0"}}
{"__type":"$$EventMessageConfirm","confirm":"61442f51-6cd0-4810-8d5f-2ffabe296407","ts":"2025-07-01T12:57:52.810-04:00","source":{"id":"0","name":"eventBus"}}
{"__type":"$$EventMessageNode","id":"f05c8e83-07d9-4f5a-b926-78e6d9caf79d","ts":"2025-07-01T12:57:53.122-04:00","eventName":"n8n.node.finished","message":"n8n.node.finished","payload":{"workflowId":"MvPbsEdnGgAp1YYq","workflowName":"Gestion Candidature","executionId":"66","nodeType":"n8n-nodes-base.emailSend","nodeName":"Send email","nodeId":"8b0f414d-8838-47cf-be05-a33977077fa0"}}
{"__type":"$$EventMessageConfirm","confirm":"f05c8e83-07d9-4f5a-b926-78e6d9caf79d","ts":"2025-07-01T12:57:53.122-04:00","source":{"id":"0","name":"eventBus"}}
{"__type":"$$EventMessageWorkflow","id":"e3176c00-39c4-4cab-bff9-da9c6bf2ea2a","ts":"2025-07-01T12:57:53.122-04:00","eventName":"n8n.workflow.failed","message":"n8n.workflow.failed","payload":{"executionId":"66","success":false,"isManual":false,"workflowId":"MvPbsEdnGgAp1YYq","workflowName":"Gestion Candidature","lastNodeExecuted":"Send email","errorNodeType":"n8n-nodes-base.emailSend","errorMessage":"No recipients defined"}}
{"__type":"$$EventMessageConfirm","confirm":"e3176c00-39c4-4cab-bff9-da9c6bf2ea2a","ts":"2025-07-01T12:57:53.123-04:00","source":{"id":"0","name":"eventBus"}}
{"__type":"$$EventMessageNode","id":"e7583e12-c8e0-4b77-bf5c-fef7bf818330","ts":"2025-07-01T12:57:53.613-04:00","eventName":"n8n.node.finished","message":"n8n.node.finished","payload":{"workflowId":"MvPbsEdnGgAp1YYq","workflowName":"Gestion Candidature","executionId":"65","nodeType":"n8n-nodes-base.emailSend","nodeName":"Send email","nodeId":"8b0f414d-8838-47cf-be05-a33977077fa0"}}
{"__type":"$$EventMessageConfirm","confirm":"e7583e12-c8e0-4b77-bf5c-fef7bf818330","ts":"2025-07-01T12:57:53.614-04:00","source":{"id":"0","name":"eventBus"}}
{"__type":"$$EventMessageWorkflow","id":"28522957-ba0c-492c-88b6-8064c1837e27","ts":"2025-07-01T12:57:53.614-04:00","eventName":"n8n.workflow.success","message":"n8n.workflow.success","payload":{"executionId":"65","success":true,"isManual":false,"workflowId":"MvPbsEdnGgAp1YYq","workflowName":"Gestion Candidature"}}
{"__type":"$$EventMessageConfirm","confirm":"28522957-ba0c-492c-88b6-8064c1837e27","ts":"2025-07-01T12:57:53.614-04:00","source":{"id":"0","name":"eventBus"}}
