{"__type":"$$EventMessageAudit","id":"02708ac1-4b11-4f42-90a8-4075b09df2be","ts":"2025-07-02T06:18:32.507-04:00","eventName":"n8n.audit.workflow.archived","message":"n8n.audit.workflow.archived","payload":{"userId":"3336cafa-7ce6-4327-bfad-b7bf92e2d2fe","_email":"mohamedgasmi1998@gmail.com","_firstName":"mohamed","_lastName":"guesmi","globalRole":"global:owner","workflowId":"um2bGKhnXUJeN2rP"}}
{"__type":"$$EventMessageConfirm","confirm":"02708ac1-4b11-4f42-90a8-4075b09df2be","ts":"2025-07-02T06:18:32.507-04:00","source":{"id":"0","name":"eventBus"}}
{"__type":"$$EventMessageAudit","id":"df40eac0-0d57-432e-865c-f60cd6bb985f","ts":"2025-07-02T06:18:34.424-04:00","eventName":"n8n.audit.workflow.archived","message":"n8n.audit.workflow.archived","payload":{"userId":"3336cafa-7ce6-4327-bfad-b7bf92e2d2fe","_email":"mohamedgasmi1998@gmail.com","_firstName":"mohamed","_lastName":"guesmi","globalRole":"global:owner","workflowId":"0gW1BZD75h1FsOdU"}}
{"__type":"$$EventMessageConfirm","confirm":"df40eac0-0d57-432e-865c-f60cd6bb985f","ts":"2025-07-02T06:18:34.424-04:00","source":{"id":"0","name":"eventBus"}}
{"__type":"$$EventMessageAudit","id":"01d365b1-dd81-4690-8cab-332081397b5d","ts":"2025-07-02T06:18:36.190-04:00","eventName":"n8n.audit.workflow.archived","message":"n8n.audit.workflow.archived","payload":{"userId":"3336cafa-7ce6-4327-bfad-b7bf92e2d2fe","_email":"mohamedgasmi1998@gmail.com","_firstName":"mohamed","_lastName":"guesmi","globalRole":"global:owner","workflowId":"LhrBl6fedWi63Vsp"}}
{"__type":"$$EventMessageConfirm","confirm":"01d365b1-dd81-4690-8cab-332081397b5d","ts":"2025-07-02T06:18:36.190-04:00","source":{"id":"0","name":"eventBus"}}
{"__type":"$$EventMessageAudit","id":"9784829f-c161-4e7b-aecc-1f9c6c9f009d","ts":"2025-07-02T08:15:24.291-04:00","eventName":"n8n.audit.workflow.created","message":"n8n.audit.workflow.created","payload":{"userId":"3336cafa-7ce6-4327-bfad-b7bf92e2d2fe","_email":"mohamedgasmi1998@gmail.com","_firstName":"mohamed","_lastName":"guesmi","globalRole":"global:owner","workflowId":"OFFY6r9NTiemi5Ee","workflowName":"My workflow 4"}}
{"__type":"$$EventMessageConfirm","confirm":"9784829f-c161-4e7b-aecc-1f9c6c9f009d","ts":"2025-07-02T08:15:24.304-04:00","source":{"id":"0","name":"eventBus"}}
{"__type":"$$EventMessageWorkflow","id":"ee83adc3-fdc6-4044-80ee-fe76346b2bff","ts":"2025-07-02T08:15:24.548-04:00","eventName":"n8n.workflow.started","message":"n8n.workflow.started","payload":{"executionId":"67","workflowId":"OFFY6r9NTiemi5Ee","isManual":false,"workflowName":"My workflow 4"}}
{"__type":"$$EventMessageConfirm","confirm":"ee83adc3-fdc6-4044-80ee-fe76346b2bff","ts":"2025-07-02T08:15:24.549-04:00","source":{"id":"0","name":"eventBus"}}
{"__type":"$$EventMessageNode","id":"3dc2068f-6ef6-4c5d-84eb-322ee61f6f29","ts":"2025-07-02T08:15:24.554-04:00","eventName":"n8n.node.started","message":"n8n.node.started","payload":{"workflowId":"OFFY6r9NTiemi5Ee","workflowName":"My workflow 4","executionId":"67","nodeType":"n8n-nodes-base.emailSend","nodeName":"Send email","nodeId":"f08acdbe-8974-4236-bde9-08f1645f2651"}}
{"__type":"$$EventMessageConfirm","confirm":"3dc2068f-6ef6-4c5d-84eb-322ee61f6f29","ts":"2025-07-02T08:15:24.555-04:00","source":{"id":"0","name":"eventBus"}}
{"__type":"$$EventMessageNode","id":"ca8ec022-3cc0-44ab-a34e-0fca7f4ef3dd","ts":"2025-07-02T08:15:25.780-04:00","eventName":"n8n.node.finished","message":"n8n.node.finished","payload":{"workflowId":"OFFY6r9NTiemi5Ee","workflowName":"My workflow 4","executionId":"67","nodeType":"n8n-nodes-base.emailSend","nodeName":"Send email","nodeId":"f08acdbe-8974-4236-bde9-08f1645f2651"}}
{"__type":"$$EventMessageConfirm","confirm":"ca8ec022-3cc0-44ab-a34e-0fca7f4ef3dd","ts":"2025-07-02T08:15:25.780-04:00","source":{"id":"0","name":"eventBus"}}
{"__type":"$$EventMessageWorkflow","id":"2e43f860-940e-4113-8587-2a6633deea2c","ts":"2025-07-02T08:15:25.795-04:00","eventName":"n8n.workflow.failed","message":"n8n.workflow.failed","payload":{"executionId":"67","userId":"3336cafa-7ce6-4327-bfad-b7bf92e2d2fe","success":false,"isManual":true,"workflowId":"OFFY6r9NTiemi5Ee","workflowName":"My workflow 4","lastNodeExecuted":"Send email","errorNodeType":"n8n-nodes-base.emailSend","errorMessage":"No recipients defined"}}
{"__type":"$$EventMessageConfirm","confirm":"2e43f860-940e-4113-8587-2a6633deea2c","ts":"2025-07-02T08:15:25.795-04:00","source":{"id":"0","name":"eventBus"}}
{"__type":"$$EventMessageAudit","id":"51f41076-c2c4-4308-a69f-8dc8428a5aca","ts":"2025-07-02T08:16:37.738-04:00","eventName":"n8n.audit.workflow.updated","message":"n8n.audit.workflow.updated","payload":{"userId":"3336cafa-7ce6-4327-bfad-b7bf92e2d2fe","_email":"mohamedgasmi1998@gmail.com","_firstName":"mohamed","_lastName":"guesmi","globalRole":"global:owner","workflowId":"OFFY6r9NTiemi5Ee","workflowName":"My workflow 4"}}
{"__type":"$$EventMessageConfirm","confirm":"51f41076-c2c4-4308-a69f-8dc8428a5aca","ts":"2025-07-02T08:16:37.738-04:00","source":{"id":"0","name":"eventBus"}}
{"__type":"$$EventMessageAudit","id":"eca510f9-db1a-41e0-be77-d34a44bb9fef","ts":"2025-07-02T08:16:37.777-04:00","eventName":"n8n.audit.workflow.updated","message":"n8n.audit.workflow.updated","payload":{"userId":"3336cafa-7ce6-4327-bfad-b7bf92e2d2fe","_email":"mohamedgasmi1998@gmail.com","_firstName":"mohamed","_lastName":"guesmi","globalRole":"global:owner","workflowId":"OFFY6r9NTiemi5Ee","workflowName":"My workflow 4"}}
{"__type":"$$EventMessageConfirm","confirm":"eca510f9-db1a-41e0-be77-d34a44bb9fef","ts":"2025-07-02T08:16:37.778-04:00","source":{"id":"0","name":"eventBus"}}
{"__type":"$$EventMessageAudit","id":"6607130e-0c5b-46b7-a58e-f155156ed084","ts":"2025-07-02T08:17:02.760-04:00","eventName":"n8n.audit.workflow.updated","message":"n8n.audit.workflow.updated","payload":{"userId":"3336cafa-7ce6-4327-bfad-b7bf92e2d2fe","_email":"mohamedgasmi1998@gmail.com","_firstName":"mohamed","_lastName":"guesmi","globalRole":"global:owner","workflowId":"OFFY6r9NTiemi5Ee","workflowName":"My workflow 4"}}
{"__type":"$$EventMessageConfirm","confirm":"6607130e-0c5b-46b7-a58e-f155156ed084","ts":"2025-07-02T08:17:02.760-04:00","source":{"id":"0","name":"eventBus"}}
{"__type":"$$EventMessageAudit","id":"71f17214-4e9b-4203-9c9c-49b5dc9cc40b","ts":"2025-07-02T08:17:13.528-04:00","eventName":"n8n.audit.workflow.updated","message":"n8n.audit.workflow.updated","payload":{"userId":"3336cafa-7ce6-4327-bfad-b7bf92e2d2fe","_email":"mohamedgasmi1998@gmail.com","_firstName":"mohamed","_lastName":"guesmi","globalRole":"global:owner","workflowId":"OFFY6r9NTiemi5Ee","workflowName":"My workflow 4"}}
{"__type":"$$EventMessageConfirm","confirm":"71f17214-4e9b-4203-9c9c-49b5dc9cc40b","ts":"2025-07-02T08:17:13.528-04:00","source":{"id":"0","name":"eventBus"}}
{"__type":"$$EventMessageAudit","id":"ad033ddc-0249-4ad5-9c19-6ae852dfe0f0","ts":"2025-07-02T08:17:50.199-04:00","eventName":"n8n.audit.workflow.updated","message":"n8n.audit.workflow.updated","payload":{"userId":"3336cafa-7ce6-4327-bfad-b7bf92e2d2fe","_email":"mohamedgasmi1998@gmail.com","_firstName":"mohamed","_lastName":"guesmi","globalRole":"global:owner","workflowId":"OFFY6r9NTiemi5Ee","workflowName":"entretien-planifie"}}
{"__type":"$$EventMessageConfirm","confirm":"ad033ddc-0249-4ad5-9c19-6ae852dfe0f0","ts":"2025-07-02T08:17:50.200-04:00","source":{"id":"0","name":"eventBus"}}
{"__type":"$$EventMessageAudit","id":"997cbf60-6310-4f37-91b9-0b5b72a8d7c3","ts":"2025-07-02T08:17:56.461-04:00","eventName":"n8n.audit.workflow.updated","message":"n8n.audit.workflow.updated","payload":{"userId":"3336cafa-7ce6-4327-bfad-b7bf92e2d2fe","_email":"mohamedgasmi1998@gmail.com","_firstName":"mohamed","_lastName":"guesmi","globalRole":"global:owner","workflowId":"OFFY6r9NTiemi5Ee","workflowName":"Rendez-vous"}}
{"__type":"$$EventMessageConfirm","confirm":"997cbf60-6310-4f37-91b9-0b5b72a8d7c3","ts":"2025-07-02T08:17:56.462-04:00","source":{"id":"0","name":"eventBus"}}
{"__type":"$$EventMessageAudit","id":"17f1c675-506b-4273-803b-595c948b8ec1","ts":"2025-07-02T08:18:02.645-04:00","eventName":"n8n.audit.workflow.updated","message":"n8n.audit.workflow.updated","payload":{"userId":"3336cafa-7ce6-4327-bfad-b7bf92e2d2fe","_email":"mohamedgasmi1998@gmail.com","_firstName":"mohamed","_lastName":"guesmi","globalRole":"global:owner","workflowId":"OFFY6r9NTiemi5Ee","workflowName":"Rendez-vous"}}
{"__type":"$$EventMessageConfirm","confirm":"17f1c675-506b-4273-803b-595c948b8ec1","ts":"2025-07-02T08:18:02.646-04:00","source":{"id":"0","name":"eventBus"}}
{"__type":"$$EventMessageAudit","id":"b8ea0545-bf4e-4422-bfd9-576184bb2c20","ts":"2025-07-02T13:25:00.571-04:00","eventName":"n8n.audit.workflow.created","message":"n8n.audit.workflow.created","payload":{"userId":"3336cafa-7ce6-4327-bfad-b7bf92e2d2fe","_email":"mohamedgasmi1998@gmail.com","_firstName":"mohamed","_lastName":"guesmi","globalRole":"global:owner","workflowId":"pCpawqT45d9F4AXg","workflowName":"gestion user"}}
{"__type":"$$EventMessageConfirm","confirm":"b8ea0545-bf4e-4422-bfd9-576184bb2c20","ts":"2025-07-02T13:25:00.580-04:00","source":{"id":"0","name":"eventBus"}}
{"__type":"$$EventMessageAudit","id":"b9a1a330-09d9-4fe7-b533-5f09c8dc9b95","ts":"2025-07-02T13:45:12.388-04:00","eventName":"n8n.audit.workflow.updated","message":"n8n.audit.workflow.updated","payload":{"userId":"3336cafa-7ce6-4327-bfad-b7bf92e2d2fe","_email":"mohamedgasmi1998@gmail.com","_firstName":"mohamed","_lastName":"guesmi","globalRole":"global:owner","workflowId":"pCpawqT45d9F4AXg","workflowName":"gestion user"}}
{"__type":"$$EventMessageConfirm","confirm":"b9a1a330-09d9-4fe7-b533-5f09c8dc9b95","ts":"2025-07-02T13:45:12.392-04:00","source":{"id":"0","name":"eventBus"}}
{"__type":"$$EventMessageAudit","id":"c1d40e6f-7b5d-45e9-b541-7b8762ba1e42","ts":"2025-07-02T13:49:28.468-04:00","eventName":"n8n.audit.workflow.updated","message":"n8n.audit.workflow.updated","payload":{"userId":"3336cafa-7ce6-4327-bfad-b7bf92e2d2fe","_email":"mohamedgasmi1998@gmail.com","_firstName":"mohamed","_lastName":"guesmi","globalRole":"global:owner","workflowId":"pCpawqT45d9F4AXg","workflowName":"gestion user"}}
{"__type":"$$EventMessageConfirm","confirm":"c1d40e6f-7b5d-45e9-b541-7b8762ba1e42","ts":"2025-07-02T13:49:28.470-04:00","source":{"id":"0","name":"eventBus"}}
{"__type":"$$EventMessageAudit","id":"b4d13dc6-1465-4226-9bea-78de50308ca1","ts":"2025-07-02T13:49:41.294-04:00","eventName":"n8n.audit.workflow.updated","message":"n8n.audit.workflow.updated","payload":{"userId":"3336cafa-7ce6-4327-bfad-b7bf92e2d2fe","_email":"mohamedgasmi1998@gmail.com","_firstName":"mohamed","_lastName":"guesmi","globalRole":"global:owner","workflowId":"pCpawqT45d9F4AXg","workflowName":"gestion user"}}
{"__type":"$$EventMessageConfirm","confirm":"b4d13dc6-1465-4226-9bea-78de50308ca1","ts":"2025-07-02T13:49:41.295-04:00","source":{"id":"0","name":"eventBus"}}
{"__type":"$$EventMessageAudit","id":"7d87f57e-400d-45cb-9fe9-ef915df31e68","ts":"2025-07-02T13:59:43.979-04:00","eventName":"n8n.audit.workflow.updated","message":"n8n.audit.workflow.updated","payload":{"userId":"3336cafa-7ce6-4327-bfad-b7bf92e2d2fe","_email":"mohamedgasmi1998@gmail.com","_firstName":"mohamed","_lastName":"guesmi","globalRole":"global:owner","workflowId":"pCpawqT45d9F4AXg","workflowName":"gestion user"}}
{"__type":"$$EventMessageConfirm","confirm":"7d87f57e-400d-45cb-9fe9-ef915df31e68","ts":"2025-07-02T13:59:43.982-04:00","source":{"id":"0","name":"eventBus"}}
{"__type":"$$EventMessageWorkflow","id":"97e8c531-86ec-447a-8638-de7109e70b25","ts":"2025-07-02T14:24:00.994-04:00","eventName":"n8n.workflow.started","message":"n8n.workflow.started","payload":{"executionId":"68","workflowId":"pCpawqT45d9F4AXg","isManual":false,"workflowName":"gestion user"}}
{"__type":"$$EventMessageConfirm","confirm":"97e8c531-86ec-447a-8638-de7109e70b25","ts":"2025-07-02T14:24:00.999-04:00","source":{"id":"0","name":"eventBus"}}
{"__type":"$$EventMessageNode","id":"81172c6c-d74f-4639-828e-22298babd3b6","ts":"2025-07-02T14:24:01.001-04:00","eventName":"n8n.node.started","message":"n8n.node.started","payload":{"workflowId":"pCpawqT45d9F4AXg","workflowName":"gestion user","executionId":"68","nodeType":"n8n-nodes-base.webhook","nodeName":"Webhook","nodeId":"5d6e6a46-8288-492a-bac5-37ec6417d5f6"}}
{"__type":"$$EventMessageConfirm","confirm":"81172c6c-d74f-4639-828e-22298babd3b6","ts":"2025-07-02T14:24:01.002-04:00","source":{"id":"0","name":"eventBus"}}
{"__type":"$$EventMessageNode","id":"66ea5656-e0d8-4749-8a6f-12cb8ca31595","ts":"2025-07-02T14:24:01.017-04:00","eventName":"n8n.node.finished","message":"n8n.node.finished","payload":{"workflowId":"pCpawqT45d9F4AXg","workflowName":"gestion user","executionId":"68","nodeType":"n8n-nodes-base.webhook","nodeName":"Webhook","nodeId":"5d6e6a46-8288-492a-bac5-37ec6417d5f6"}}
{"__type":"$$EventMessageConfirm","confirm":"66ea5656-e0d8-4749-8a6f-12cb8ca31595","ts":"2025-07-02T14:24:01.017-04:00","source":{"id":"0","name":"eventBus"}}
{"__type":"$$EventMessageNode","id":"c2057bb7-3e9e-423a-b227-28338c42a3fb","ts":"2025-07-02T14:24:01.018-04:00","eventName":"n8n.node.started","message":"n8n.node.started","payload":{"workflowId":"pCpawqT45d9F4AXg","workflowName":"gestion user","executionId":"68","nodeType":"n8n-nodes-base.emailSend","nodeName":"Send email","nodeId":"883616bb-ff05-4f6d-b655-9573982cc577"}}
{"__type":"$$EventMessageConfirm","confirm":"c2057bb7-3e9e-423a-b227-28338c42a3fb","ts":"2025-07-02T14:24:01.018-04:00","source":{"id":"0","name":"eventBus"}}
{"__type":"$$EventMessageNode","id":"ea7684a0-c415-4a10-bb4d-f5f61cb3757a","ts":"2025-07-02T14:24:01.757-04:00","eventName":"n8n.node.finished","message":"n8n.node.finished","payload":{"workflowId":"pCpawqT45d9F4AXg","workflowName":"gestion user","executionId":"68","nodeType":"n8n-nodes-base.emailSend","nodeName":"Send email","nodeId":"883616bb-ff05-4f6d-b655-9573982cc577"}}
{"__type":"$$EventMessageConfirm","confirm":"ea7684a0-c415-4a10-bb4d-f5f61cb3757a","ts":"2025-07-02T14:24:01.757-04:00","source":{"id":"0","name":"eventBus"}}
{"__type":"$$EventMessageWorkflow","id":"30d0674c-c24f-4526-b80f-20a29b8f698b","ts":"2025-07-02T14:24:01.763-04:00","eventName":"n8n.workflow.failed","message":"n8n.workflow.failed","payload":{"executionId":"68","success":false,"isManual":false,"workflowId":"pCpawqT45d9F4AXg","workflowName":"gestion user","lastNodeExecuted":"Send email","errorNodeType":"n8n-nodes-base.emailSend","errorMessage":"No recipients defined"}}
{"__type":"$$EventMessageConfirm","confirm":"30d0674c-c24f-4526-b80f-20a29b8f698b","ts":"2025-07-02T14:24:01.764-04:00","source":{"id":"0","name":"eventBus"}}
{"__type":"$$EventMessageWorkflow","id":"576a9ba5-7f12-4afc-9989-d3973f620bfa","ts":"2025-07-02T14:24:50.748-04:00","eventName":"n8n.workflow.started","message":"n8n.workflow.started","payload":{"executionId":"69","workflowId":"pCpawqT45d9F4AXg","isManual":false,"workflowName":"gestion user"}}
{"__type":"$$EventMessageConfirm","confirm":"576a9ba5-7f12-4afc-9989-d3973f620bfa","ts":"2025-07-02T14:24:50.749-04:00","source":{"id":"0","name":"eventBus"}}
{"__type":"$$EventMessageNode","id":"c0ca3fbe-6547-45e4-9d8f-6ef34af07cb9","ts":"2025-07-02T14:24:50.749-04:00","eventName":"n8n.node.started","message":"n8n.node.started","payload":{"workflowId":"pCpawqT45d9F4AXg","workflowName":"gestion user","executionId":"69","nodeType":"n8n-nodes-base.webhook","nodeName":"Webhook","nodeId":"5d6e6a46-8288-492a-bac5-37ec6417d5f6"}}
{"__type":"$$EventMessageConfirm","confirm":"c0ca3fbe-6547-45e4-9d8f-6ef34af07cb9","ts":"2025-07-02T14:24:50.750-04:00","source":{"id":"0","name":"eventBus"}}
{"__type":"$$EventMessageNode","id":"e1ef8497-3768-49cd-b40e-53635bb6357c","ts":"2025-07-02T14:24:50.751-04:00","eventName":"n8n.node.finished","message":"n8n.node.finished","payload":{"workflowId":"pCpawqT45d9F4AXg","workflowName":"gestion user","executionId":"69","nodeType":"n8n-nodes-base.webhook","nodeName":"Webhook","nodeId":"5d6e6a46-8288-492a-bac5-37ec6417d5f6"}}
{"__type":"$$EventMessageConfirm","confirm":"e1ef8497-3768-49cd-b40e-53635bb6357c","ts":"2025-07-02T14:24:50.751-04:00","source":{"id":"0","name":"eventBus"}}
{"__type":"$$EventMessageNode","id":"3cdbb106-7232-4d71-84eb-ae1b8eb2a046","ts":"2025-07-02T14:24:50.751-04:00","eventName":"n8n.node.started","message":"n8n.node.started","payload":{"workflowId":"pCpawqT45d9F4AXg","workflowName":"gestion user","executionId":"69","nodeType":"n8n-nodes-base.emailSend","nodeName":"Send email","nodeId":"883616bb-ff05-4f6d-b655-9573982cc577"}}
{"__type":"$$EventMessageConfirm","confirm":"3cdbb106-7232-4d71-84eb-ae1b8eb2a046","ts":"2025-07-02T14:24:50.751-04:00","source":{"id":"0","name":"eventBus"}}
{"__type":"$$EventMessageNode","id":"09bd893f-a9b7-442d-a948-93b89328f62e","ts":"2025-07-02T14:24:51.044-04:00","eventName":"n8n.node.finished","message":"n8n.node.finished","payload":{"workflowId":"pCpawqT45d9F4AXg","workflowName":"gestion user","executionId":"69","nodeType":"n8n-nodes-base.emailSend","nodeName":"Send email","nodeId":"883616bb-ff05-4f6d-b655-9573982cc577"}}
{"__type":"$$EventMessageConfirm","confirm":"09bd893f-a9b7-442d-a948-93b89328f62e","ts":"2025-07-02T14:24:51.044-04:00","source":{"id":"0","name":"eventBus"}}
{"__type":"$$EventMessageWorkflow","id":"405f0ea8-cfdc-4b03-9e39-cf36c03b3c6b","ts":"2025-07-02T14:24:51.045-04:00","eventName":"n8n.workflow.failed","message":"n8n.workflow.failed","payload":{"executionId":"69","success":false,"isManual":false,"workflowId":"pCpawqT45d9F4AXg","workflowName":"gestion user","lastNodeExecuted":"Send email","errorNodeType":"n8n-nodes-base.emailSend","errorMessage":"No recipients defined"}}
{"__type":"$$EventMessageConfirm","confirm":"405f0ea8-cfdc-4b03-9e39-cf36c03b3c6b","ts":"2025-07-02T14:24:51.045-04:00","source":{"id":"0","name":"eventBus"}}
{"__type":"$$EventMessageWorkflow","id":"67763225-81d6-44fe-bad9-a2008bc3d777","ts":"2025-07-02T14:24:57.211-04:00","eventName":"n8n.workflow.started","message":"n8n.workflow.started","payload":{"executionId":"70","workflowId":"pCpawqT45d9F4AXg","isManual":false,"workflowName":"gestion user"}}
{"__type":"$$EventMessageConfirm","confirm":"67763225-81d6-44fe-bad9-a2008bc3d777","ts":"2025-07-02T14:24:57.211-04:00","source":{"id":"0","name":"eventBus"}}
{"__type":"$$EventMessageNode","id":"82261ec7-b032-4e8f-9c01-7d39b023e204","ts":"2025-07-02T14:24:57.211-04:00","eventName":"n8n.node.started","message":"n8n.node.started","payload":{"workflowId":"pCpawqT45d9F4AXg","workflowName":"gestion user","executionId":"70","nodeType":"n8n-nodes-base.webhook","nodeName":"Webhook","nodeId":"5d6e6a46-8288-492a-bac5-37ec6417d5f6"}}
{"__type":"$$EventMessageConfirm","confirm":"82261ec7-b032-4e8f-9c01-7d39b023e204","ts":"2025-07-02T14:24:57.212-04:00","source":{"id":"0","name":"eventBus"}}
{"__type":"$$EventMessageNode","id":"d9d4d029-951c-4fd0-8e89-fe6496eef304","ts":"2025-07-02T14:24:57.212-04:00","eventName":"n8n.node.finished","message":"n8n.node.finished","payload":{"workflowId":"pCpawqT45d9F4AXg","workflowName":"gestion user","executionId":"70","nodeType":"n8n-nodes-base.webhook","nodeName":"Webhook","nodeId":"5d6e6a46-8288-492a-bac5-37ec6417d5f6"}}
{"__type":"$$EventMessageConfirm","confirm":"d9d4d029-951c-4fd0-8e89-fe6496eef304","ts":"2025-07-02T14:24:57.212-04:00","source":{"id":"0","name":"eventBus"}}
{"__type":"$$EventMessageNode","id":"c415e26c-099e-45e3-a5d4-d8ba94b3c1c0","ts":"2025-07-02T14:24:57.212-04:00","eventName":"n8n.node.started","message":"n8n.node.started","payload":{"workflowId":"pCpawqT45d9F4AXg","workflowName":"gestion user","executionId":"70","nodeType":"n8n-nodes-base.emailSend","nodeName":"Send email","nodeId":"883616bb-ff05-4f6d-b655-9573982cc577"}}
{"__type":"$$EventMessageConfirm","confirm":"c415e26c-099e-45e3-a5d4-d8ba94b3c1c0","ts":"2025-07-02T14:24:57.212-04:00","source":{"id":"0","name":"eventBus"}}
{"__type":"$$EventMessageNode","id":"c50c41a0-a6fb-4e10-83d0-6ec4fc9d489a","ts":"2025-07-02T14:24:57.500-04:00","eventName":"n8n.node.finished","message":"n8n.node.finished","payload":{"workflowId":"pCpawqT45d9F4AXg","workflowName":"gestion user","executionId":"70","nodeType":"n8n-nodes-base.emailSend","nodeName":"Send email","nodeId":"883616bb-ff05-4f6d-b655-9573982cc577"}}
{"__type":"$$EventMessageConfirm","confirm":"c50c41a0-a6fb-4e10-83d0-6ec4fc9d489a","ts":"2025-07-02T14:24:57.500-04:00","source":{"id":"0","name":"eventBus"}}
{"__type":"$$EventMessageWorkflow","id":"1ba807c9-75c6-41fd-b99b-08ce20acd11d","ts":"2025-07-02T14:24:57.500-04:00","eventName":"n8n.workflow.failed","message":"n8n.workflow.failed","payload":{"executionId":"70","success":false,"isManual":false,"workflowId":"pCpawqT45d9F4AXg","workflowName":"gestion user","lastNodeExecuted":"Send email","errorNodeType":"n8n-nodes-base.emailSend","errorMessage":"No recipients defined"}}
{"__type":"$$EventMessageConfirm","confirm":"1ba807c9-75c6-41fd-b99b-08ce20acd11d","ts":"2025-07-02T14:24:57.501-04:00","source":{"id":"0","name":"eventBus"}}
{"__type":"$$EventMessageWorkflow","id":"c24b1120-f6f9-468d-915d-957d948a2274","ts":"2025-07-02T14:27:55.315-04:00","eventName":"n8n.workflow.started","message":"n8n.workflow.started","payload":{"executionId":"71","workflowId":"pCpawqT45d9F4AXg","isManual":false,"workflowName":"gestion user"}}
{"__type":"$$EventMessageConfirm","confirm":"c24b1120-f6f9-468d-915d-957d948a2274","ts":"2025-07-02T14:27:55.316-04:00","source":{"id":"0","name":"eventBus"}}
{"__type":"$$EventMessageNode","id":"8454cd58-2455-41eb-9eb6-128e3a0675bd","ts":"2025-07-02T14:27:55.316-04:00","eventName":"n8n.node.started","message":"n8n.node.started","payload":{"workflowId":"pCpawqT45d9F4AXg","workflowName":"gestion user","executionId":"71","nodeType":"n8n-nodes-base.webhook","nodeName":"Webhook","nodeId":"5d6e6a46-8288-492a-bac5-37ec6417d5f6"}}
{"__type":"$$EventMessageConfirm","confirm":"8454cd58-2455-41eb-9eb6-128e3a0675bd","ts":"2025-07-02T14:27:55.316-04:00","source":{"id":"0","name":"eventBus"}}
{"__type":"$$EventMessageNode","id":"46c7becc-ed96-4995-8791-ba8771f9e55b","ts":"2025-07-02T14:27:55.317-04:00","eventName":"n8n.node.finished","message":"n8n.node.finished","payload":{"workflowId":"pCpawqT45d9F4AXg","workflowName":"gestion user","executionId":"71","nodeType":"n8n-nodes-base.webhook","nodeName":"Webhook","nodeId":"5d6e6a46-8288-492a-bac5-37ec6417d5f6"}}
{"__type":"$$EventMessageConfirm","confirm":"46c7becc-ed96-4995-8791-ba8771f9e55b","ts":"2025-07-02T14:27:55.317-04:00","source":{"id":"0","name":"eventBus"}}
{"__type":"$$EventMessageNode","id":"1115bd53-6ceb-4dfd-a07c-b7c9ae75d18f","ts":"2025-07-02T14:27:55.317-04:00","eventName":"n8n.node.started","message":"n8n.node.started","payload":{"workflowId":"pCpawqT45d9F4AXg","workflowName":"gestion user","executionId":"71","nodeType":"n8n-nodes-base.emailSend","nodeName":"Send email","nodeId":"883616bb-ff05-4f6d-b655-9573982cc577"}}
{"__type":"$$EventMessageConfirm","confirm":"1115bd53-6ceb-4dfd-a07c-b7c9ae75d18f","ts":"2025-07-02T14:27:55.317-04:00","source":{"id":"0","name":"eventBus"}}
{"__type":"$$EventMessageNode","id":"a3ba69db-36d5-4120-9a85-9332efd2f474","ts":"2025-07-02T14:27:55.606-04:00","eventName":"n8n.node.finished","message":"n8n.node.finished","payload":{"workflowId":"pCpawqT45d9F4AXg","workflowName":"gestion user","executionId":"71","nodeType":"n8n-nodes-base.emailSend","nodeName":"Send email","nodeId":"883616bb-ff05-4f6d-b655-9573982cc577"}}
{"__type":"$$EventMessageConfirm","confirm":"a3ba69db-36d5-4120-9a85-9332efd2f474","ts":"2025-07-02T14:27:55.606-04:00","source":{"id":"0","name":"eventBus"}}
{"__type":"$$EventMessageWorkflow","id":"98413e62-8ab9-406c-a6b1-002e66d87bd9","ts":"2025-07-02T14:27:55.606-04:00","eventName":"n8n.workflow.failed","message":"n8n.workflow.failed","payload":{"executionId":"71","success":false,"isManual":false,"workflowId":"pCpawqT45d9F4AXg","workflowName":"gestion user","lastNodeExecuted":"Send email","errorNodeType":"n8n-nodes-base.emailSend","errorMessage":"No recipients defined"}}
{"__type":"$$EventMessageConfirm","confirm":"98413e62-8ab9-406c-a6b1-002e66d87bd9","ts":"2025-07-02T14:27:55.606-04:00","source":{"id":"0","name":"eventBus"}}
{"__type":"$$EventMessageWorkflow","id":"36dbdf83-3f6f-4b0e-9d86-dd32d9ea1d1e","ts":"2025-07-02T15:55:07.221-04:00","eventName":"n8n.workflow.started","message":"n8n.workflow.started","payload":{"executionId":"72","workflowId":"pCpawqT45d9F4AXg","isManual":false,"workflowName":"gestion user"}}
{"__type":"$$EventMessageConfirm","confirm":"36dbdf83-3f6f-4b0e-9d86-dd32d9ea1d1e","ts":"2025-07-02T15:55:07.223-04:00","source":{"id":"0","name":"eventBus"}}
{"__type":"$$EventMessageNode","id":"ca0dab68-bac1-4d95-ad08-8fc29e366b4c","ts":"2025-07-02T15:55:07.225-04:00","eventName":"n8n.node.started","message":"n8n.node.started","payload":{"workflowId":"pCpawqT45d9F4AXg","workflowName":"gestion user","executionId":"72","nodeType":"n8n-nodes-base.webhook","nodeName":"Webhook","nodeId":"5d6e6a46-8288-492a-bac5-37ec6417d5f6"}}
{"__type":"$$EventMessageConfirm","confirm":"ca0dab68-bac1-4d95-ad08-8fc29e366b4c","ts":"2025-07-02T15:55:07.225-04:00","source":{"id":"0","name":"eventBus"}}
{"__type":"$$EventMessageNode","id":"ead32c16-3538-46b9-8912-ef667d4d1735","ts":"2025-07-02T15:55:07.229-04:00","eventName":"n8n.node.finished","message":"n8n.node.finished","payload":{"workflowId":"pCpawqT45d9F4AXg","workflowName":"gestion user","executionId":"72","nodeType":"n8n-nodes-base.webhook","nodeName":"Webhook","nodeId":"5d6e6a46-8288-492a-bac5-37ec6417d5f6"}}
{"__type":"$$EventMessageConfirm","confirm":"ead32c16-3538-46b9-8912-ef667d4d1735","ts":"2025-07-02T15:55:07.231-04:00","source":{"id":"0","name":"eventBus"}}
{"__type":"$$EventMessageNode","id":"6b63bac7-b02f-4d7a-94f2-45445b41c12a","ts":"2025-07-02T15:55:07.232-04:00","eventName":"n8n.node.started","message":"n8n.node.started","payload":{"workflowId":"pCpawqT45d9F4AXg","workflowName":"gestion user","executionId":"72","nodeType":"n8n-nodes-base.emailSend","nodeName":"Send email","nodeId":"883616bb-ff05-4f6d-b655-9573982cc577"}}
{"__type":"$$EventMessageConfirm","confirm":"6b63bac7-b02f-4d7a-94f2-45445b41c12a","ts":"2025-07-02T15:55:07.232-04:00","source":{"id":"0","name":"eventBus"}}
{"__type":"$$EventMessageNode","id":"7154689f-12d3-49e7-a577-a4de5f76f34a","ts":"2025-07-02T15:55:07.690-04:00","eventName":"n8n.node.finished","message":"n8n.node.finished","payload":{"workflowId":"pCpawqT45d9F4AXg","workflowName":"gestion user","executionId":"72","nodeType":"n8n-nodes-base.emailSend","nodeName":"Send email","nodeId":"883616bb-ff05-4f6d-b655-9573982cc577"}}
{"__type":"$$EventMessageConfirm","confirm":"7154689f-12d3-49e7-a577-a4de5f76f34a","ts":"2025-07-02T15:55:07.690-04:00","source":{"id":"0","name":"eventBus"}}
{"__type":"$$EventMessageWorkflow","id":"fbdb99e9-08b5-4454-83bb-2396a73dc0fb","ts":"2025-07-02T15:55:07.691-04:00","eventName":"n8n.workflow.failed","message":"n8n.workflow.failed","payload":{"executionId":"72","success":false,"isManual":false,"workflowId":"pCpawqT45d9F4AXg","workflowName":"gestion user","lastNodeExecuted":"Send email","errorNodeType":"n8n-nodes-base.emailSend","errorMessage":"No recipients defined"}}
{"__type":"$$EventMessageConfirm","confirm":"fbdb99e9-08b5-4454-83bb-2396a73dc0fb","ts":"2025-07-02T15:55:07.692-04:00","source":{"id":"0","name":"eventBus"}}
{"__type":"$$EventMessageWorkflow","id":"07ca600d-1109-4e09-881f-d64a84d5ca17","ts":"2025-07-02T16:01:12.247-04:00","eventName":"n8n.workflow.started","message":"n8n.workflow.started","payload":{"executionId":"73","workflowId":"pCpawqT45d9F4AXg","isManual":false,"workflowName":"gestion user"}}
{"__type":"$$EventMessageConfirm","confirm":"07ca600d-1109-4e09-881f-d64a84d5ca17","ts":"2025-07-02T16:01:12.248-04:00","source":{"id":"0","name":"eventBus"}}
{"__type":"$$EventMessageNode","id":"3b1cef0f-446f-41dd-89a9-11d3033761ea","ts":"2025-07-02T16:01:12.248-04:00","eventName":"n8n.node.started","message":"n8n.node.started","payload":{"workflowId":"pCpawqT45d9F4AXg","workflowName":"gestion user","executionId":"73","nodeType":"n8n-nodes-base.webhook","nodeName":"Webhook","nodeId":"5d6e6a46-8288-492a-bac5-37ec6417d5f6"}}
{"__type":"$$EventMessageConfirm","confirm":"3b1cef0f-446f-41dd-89a9-11d3033761ea","ts":"2025-07-02T16:01:12.248-04:00","source":{"id":"0","name":"eventBus"}}
{"__type":"$$EventMessageNode","id":"0b80f4e7-b667-4ecb-8f20-77992d8c0d54","ts":"2025-07-02T16:01:12.249-04:00","eventName":"n8n.node.finished","message":"n8n.node.finished","payload":{"workflowId":"pCpawqT45d9F4AXg","workflowName":"gestion user","executionId":"73","nodeType":"n8n-nodes-base.webhook","nodeName":"Webhook","nodeId":"5d6e6a46-8288-492a-bac5-37ec6417d5f6"}}
{"__type":"$$EventMessageConfirm","confirm":"0b80f4e7-b667-4ecb-8f20-77992d8c0d54","ts":"2025-07-02T16:01:12.249-04:00","source":{"id":"0","name":"eventBus"}}
{"__type":"$$EventMessageNode","id":"a166cca1-5260-4d81-982e-28679e2c4e2e","ts":"2025-07-02T16:01:12.249-04:00","eventName":"n8n.node.started","message":"n8n.node.started","payload":{"workflowId":"pCpawqT45d9F4AXg","workflowName":"gestion user","executionId":"73","nodeType":"n8n-nodes-base.emailSend","nodeName":"Send email","nodeId":"883616bb-ff05-4f6d-b655-9573982cc577"}}
{"__type":"$$EventMessageConfirm","confirm":"a166cca1-5260-4d81-982e-28679e2c4e2e","ts":"2025-07-02T16:01:12.249-04:00","source":{"id":"0","name":"eventBus"}}
{"__type":"$$EventMessageNode","id":"a605ba1f-cd5f-42b9-a5a8-311e242b5adb","ts":"2025-07-02T16:01:12.639-04:00","eventName":"n8n.node.finished","message":"n8n.node.finished","payload":{"workflowId":"pCpawqT45d9F4AXg","workflowName":"gestion user","executionId":"73","nodeType":"n8n-nodes-base.emailSend","nodeName":"Send email","nodeId":"883616bb-ff05-4f6d-b655-9573982cc577"}}
{"__type":"$$EventMessageConfirm","confirm":"a605ba1f-cd5f-42b9-a5a8-311e242b5adb","ts":"2025-07-02T16:01:12.639-04:00","source":{"id":"0","name":"eventBus"}}
{"__type":"$$EventMessageWorkflow","id":"775288f5-2192-4ccc-a345-9432bf569331","ts":"2025-07-02T16:01:12.640-04:00","eventName":"n8n.workflow.failed","message":"n8n.workflow.failed","payload":{"executionId":"73","success":false,"isManual":false,"workflowId":"pCpawqT45d9F4AXg","workflowName":"gestion user","lastNodeExecuted":"Send email","errorNodeType":"n8n-nodes-base.emailSend","errorMessage":"No recipients defined"}}
{"__type":"$$EventMessageConfirm","confirm":"775288f5-2192-4ccc-a345-9432bf569331","ts":"2025-07-02T16:01:12.640-04:00","source":{"id":"0","name":"eventBus"}}
